[   0.002][v][cplayer] mpv v0.41.0-47-ga3350e2fb Copyright © 2000-2026 mpv/MPlayer/mplayer2 projects
[   0.002][v][cplayer]  built on Jan  3 2026 00:05:53
[   0.002][v][cplayer] libplacebo version: v7.358.0 (v7.351.0-106-gbc90ef9-dirty)
[   0.002][v][cplayer] FFmpeg version: N-122344-g649a4e98f
[   0.002][v][cplayer] FFmpeg library versions:
[   0.002][v][cplayer]    libavcodec      62.23.102
[   0.002][v][cplayer]    libavdevice     62.2.100
[   0.002][v][cplayer]    libavfilter     11.10.101
[   0.002][v][cplayer]    libavformat     62.8.102
[   0.002][v][cplayer]    libavutil       60.21.102
[   0.002][v][cplayer]    libswresample   6.2.100
[   0.002][v][cplayer]    libswscale      9.3.100
[   0.002][v][cplayer] Configuration: -Ddebug=true -Db_ndebug=true -Doptimization=3 -Db_lto=true -Db_lto_mode=thin -Dlibmpv=true -Dpdf-build=enabled -Dlua=enabled -Djavascript=enabled -Dsdl2-gamepad=enabled -Dlibarchive=enabled -Dlibbluray=enabled -Ddvdnav=enabled -Duchardet=enabled -Drubberband=enabled -Dlcms2=enabled -Dopenal=enabled -Dspirv-cross=enabled -Dvulkan=enabled -Dvapoursynth=enabled -Dsubrandr=enabled -Dgl=enabled -Degl-angle=enabled -Dc_args=-Wno-error=int-conversion -Dprefix=/__w/mpv-winbuild-cmake/mpv-winbuild-cmake/build_x86_64/x86_64-w64-mingw32 -Dlibdir=/__w/mpv-winbuild-cmake/mpv-winbuild-cmake/build_x86_64/x86_64-w64-mingw32/lib -Ddefault_library=shared -Dprefer_static=True --cross-file=/__w/mpv-winbuild-cmake/mpv-winbuild-cmake/build_x86_64/meson_cross.txt
[   0.002][v][cplayer] List of enabled features: amf build-date cplugins cuda-hwaccel cuda-interop d3d-hwaccel d3d11 d3d9-hwaccel debug direct3d dos-paths dvdnav dxgi-debug-d3d11 egl-angle egl-angle-win32 ffmpeg ffnvcodec gl gl-dxinterop gl-dxinterop-d3d9 gl-win32 glob glob-win32 gpl iconv javascript jpeg lcms2 libarchive libass libavdevice libbluray libplacebo luajit openal rubberband rubberband-3 sdl2-gamepad shaderc spirv-cross subrandr uchardet vaapi vaapi-win32 vapoursynth vector vulkan wasapi win32 win32-desktop win32-executable win32-smtc win32-threads zimg zimg-st428 zlib
[   0.002][v][cplayer] Built with NDEBUG.
[   0.002][v][cplayer] Command line options: '--player-operation-mode=pseudo-gui' '--input-ipc-server=\\.\pipe\mpv-cicada-ipc' '--start=111.144367' '--volume=35' '--log-file=mpv.log' '--ontop' 'D:\yt-dlp\youtube\youtube_5.mp4'
[   0.002][v][cplayer] mpv v0.41.0-47-ga3350e2fb Copyright © 2000-2026 mpv/MPlayer/mplayer2 projects
[   0.002][v][cplayer]  built on Jan  3 2026 00:05:53
[   0.002][v][cplayer] libplacebo version: v7.358.0 (v7.351.0-106-gbc90ef9-dirty)
[   0.002][v][cplayer] FFmpeg version: N-122344-g649a4e98f
[   0.002][v][cplayer] FFmpeg library versions:
[   0.002][v][cplayer]    libavcodec      62.23.102
[   0.002][v][cplayer]    libavdevice     62.2.100
[   0.002][v][cplayer]    libavfilter     11.10.101
[   0.002][v][cplayer]    libavformat     62.8.102
[   0.002][v][cplayer]    libavutil       60.21.102
[   0.002][v][cplayer]    libswresample   6.2.100
[   0.002][v][cplayer]    libswscale      9.3.100
[   0.002][v][cplayer] Configuration: -Ddebug=true -Db_ndebug=true -Doptimization=3 -Db_lto=true -Db_lto_mode=thin -Dlibmpv=true -Dpdf-build=enabled -Dlua=enabled -Djavascript=enabled -Dsdl2-gamepad=enabled -Dlibarchive=enabled -Dlibbluray=enabled -Ddvdnav=enabled -Duchardet=enabled -Drubberband=enabled -Dlcms2=enabled -Dopenal=enabled -Dspirv-cross=enabled -Dvulkan=enabled -Dvapoursynth=enabled -Dsubrandr=enabled -Dgl=enabled -Degl-angle=enabled -Dc_args=-Wno-error=int-conversion -Dprefix=/__w/mpv-winbuild-cmake/mpv-winbuild-cmake/build_x86_64/x86_64-w64-mingw32 -Dlibdir=/__w/mpv-winbuild-cmake/mpv-winbuild-cmake/build_x86_64/x86_64-w64-mingw32/lib -Ddefault_library=shared -Dprefer_static=True --cross-file=/__w/mpv-winbuild-cmake/mpv-winbuild-cmake/build_x86_64/meson_cross.txt
[   0.002][v][cplayer] List of enabled features: amf build-date cplugins cuda-hwaccel cuda-interop d3d-hwaccel d3d11 d3d9-hwaccel debug direct3d dos-paths dvdnav dxgi-debug-d3d11 egl-angle egl-angle-win32 ffmpeg ffnvcodec gl gl-dxinterop gl-dxinterop-d3d9 gl-win32 glob glob-win32 gpl iconv javascript jpeg lcms2 libarchive libass libavdevice libbluray libplacebo luajit openal rubberband rubberband-3 sdl2-gamepad shaderc spirv-cross subrandr uchardet vaapi vaapi-win32 vapoursynth vector vulkan wasapi win32 win32-desktop win32-executable win32-smtc win32-threads zimg zimg-st428 zlib
[   0.002][v][cplayer] Built with NDEBUG.
[   0.003][d][global] home path: '' -> 'C:\Users\sho11\AppData\Roaming/mpv'
[   0.003][d][global] user path: '~~home/' -> 'C:\Users\sho11\AppData\Roaming/mpv'
[   0.003][d][global] user path: '~~old_home/' -> ''
[   0.003][d][global] config path: 'encoding-profiles.conf' -/-> 'C:\Users\sho11\AppData\Roaming/mpv/encoding-profiles.conf'
[   0.003][d][global] config path: 'encoding-profiles.conf' -/-> 'C:/Users/sho11/Desktop/cicadagallaley/mpv/encoding-profiles.conf'
[   0.003][d][global] config path: 'encoding-profiles.conf' -/-> 'C:/Users/sho11/Desktop/cicadagallaley/mpv/mpv/encoding-profiles.conf'
[   0.004][d][global] config path: 'mpv.conf' -/-> 'C:\Users\sho11\AppData\Roaming/mpv/mpv.conf'
[   0.004][d][global] config path: 'config' -/-> 'C:\Users\sho11\AppData\Roaming/mpv/config'
[   0.004][d][global] config path: 'mpv.conf' -/-> 'C:/Users/sho11/Desktop/cicadagallaley/mpv/mpv.conf'
[   0.004][d][global] config path: 'config' -/-> 'C:/Users/sho11/Desktop/cicadagallaley/mpv/config'
[   0.004][d][global] config path: 'mpv.conf' -/-> 'C:/Users/sho11/Desktop/cicadagallaley/mpv/mpv/mpv.conf'
[   0.004][d][global] config path: 'config' -/-> 'C:/Users/sho11/Desktop/cicadagallaley/mpv/mpv/config'
[   0.004][v][cplayer] Setting option 'player-operation-mode' = 'pseudo-gui' (flags = 8)
[   0.004][v][cplayer] Setting option 'input-ipc-server' = '\\.\pipe\mpv-cicada-ipc' (flags = 8)
[   0.004][v][cplayer] Setting option 'start' = '111.144367' (flags = 8)
[   0.004][v][cplayer] Setting option 'volume' = '35' (flags = 8)
[   0.004][v][cplayer] Setting option 'log-file' = 'mpv.log' (flags = 8)
[   0.004][v][cplayer] Setting option 'ontop' = '' (flags = 8)
[   0.004][v][cplayer] Applying profile 'builtin-pseudo-gui'...
[   0.004][v][cplayer] Setting option 'terminal' = 'no' (flags = 260)
[   0.004][v][cplayer] Setting option 'force-window' = 'yes' (flags = 260)
[   0.004][v][cplayer] Setting option 'idle' = 'once' (flags = 260)
[   0.004][v][cplayer] Setting option 'screenshot-dir' = '~~desktop/' (flags = 260)
[   0.004][v][cplayer] Applying profile 'pseudo-gui'...
[   0.004][v][cplayer] Setting option 'player-operation-mode' = 'pseudo-gui' (flags = 4)
[   0.005][d][global] config path: 'input.conf' -/-> 'C:\Users\sho11\AppData\Roaming/mpv/input.conf'
[   0.005][d][global] config path: 'input.conf' -/-> 'C:/Users/sho11/Desktop/cicadagallaley/mpv/input.conf'
[   0.005][d][global] config path: 'input.conf' -> 'C:/Users/sho11/Desktop/cicadagallaley/mpv/mpv/input.conf'
[   0.005][v][ifo_dvdnav] Opening C:/Users/sho11/Desktop/cicadagallaley/mpv/mpv/input.conf
[   0.006][v][bdmv/bluray] Opening C:/Users/sho11/Desktop/cicadagallaley/mpv/mpv/input.conf
[   0.006][v][file] Opening C:/Users/sho11/Desktop/cicadagallaley/mpv/mpv/input.conf
[   0.006][d][file] resize stream to 131072 bytes, drop 0 bytes
[   0.006][d][file] Stream opened successfully.
[   0.006][v][input] Parsing input config file C:/Users/sho11/Desktop/cicadagallaley/mpv/mpv/input.conf
[   0.006][v][input] Input config file C:/Users/sho11/Desktop/cicadagallaley/mpv/mpv/input.conf parsed: 3 binds
[   0.006][d][osc] Loading lua script @osc.lua...
[   0.006][d][ytdl_hook] Loading lua script @ytdl_hook.lua...
[   0.006][d][stats] Loading lua script @stats.lua...
[   0.006][d][console] Loading lua script @console.lua...
[   0.006][d][auto_profiles] Loading lua script @auto_profiles.lua...
[   0.006][d][select] Loading lua script @select.lua...
[   0.006][d][positioning] Loading lua script @positioning.lua...
[   0.006][d][commands] Loading lua script @commands.lua...
[   0.006][v][clipboard] Initialized win32 clipboard backend.
[   0.006][d][global] config path: 'scripts' -/-> 'C:\Users\sho11\AppData\Roaming/mpv/scripts'
[   0.006][d][global] config path: 'scripts' -> 'C:/Users/sho11/Desktop/cicadagallaley/mpv/scripts'
[   0.006][v][ipc] Starting IPC master
[   0.006][d][global] config path: 'scripts' -/-> 'C:/Users/sho11/Desktop/cicadagallaley/mpv/mpv/scripts'
[   0.006][d][positioning] loading mp.defaults
[   0.006][d][commands] loading mp.defaults
[   0.006][d][ytdl_hook] loading mp.defaults
[   0.006][d][osc] loading mp.defaults
[   0.006][d][auto_profiles] loading mp.defaults
[   0.006][d][select] loading mp.defaults
[   0.006][d][stats] loading mp.defaults
[   0.006][d][console] loading mp.defaults
[   0.007][d][cicada_capture] Loading lua script C:/Users/sho11/Desktop/cicadagallaley/mpv/scripts/cicada_capture.lua...
[   0.007][v][cplayer] Waiting for scripts...
[   0.007][d][stats] loading @stats.lua
[   0.007][d][commands] loading @commands.lua
[   0.007][d][ytdl_hook] loading @ytdl_hook.lua
[   0.007][d][positioning] loading @positioning.lua
[   0.007][d][select] loading @select.lua
[   0.007][v][ipc] Listening to IPC pipe.
[   0.007][d][cicada_capture] loading mp.defaults
[   0.007][d][console] loading @console.lua
[   0.007][d][auto_profiles] loading @auto_profiles.lua
[   0.007][d][positioning] reading options for positioning
[   0.007][d][osc] loading @osc.lua
[   0.007][d][global] config path: 'script-opts/positioning.conf' -/-> 'C:\Users\sho11\AppData\Roaming/mpv/script-opts/positioning.conf'
[   0.007][d][commands] reading options for commands
[   0.007][d][global] config path: 'script-opts/positioning.conf' -/-> 'C:/Users/sho11/Desktop/cicadagallaley/mpv/script-opts/positioning.conf'
[   0.007][d][global] config path: 'script-opts/positioning.conf' -/-> 'C:/Users/sho11/Desktop/cicadagallaley/mpv/mpv/script-opts/positioning.conf'
[   0.007][d][positioning] script-opts/positioning.conf not found.
[   0.007][d][select] reading options for select
[   0.007][d][cicada_capture] loading file C:/Users/sho11/Desktop/cicadagallaley/mpv/scripts/cicada_capture.lua
[   0.007][d][ytdl_hook] reading options for ytdl_hook
[   0.007][d][global] config path: 'script-opts/commands.conf' -/-> 'C:\Users\sho11\AppData\Roaming/mpv/script-opts/commands.conf'
[   0.007][d][global] config path: 'script-opts/commands.conf' -/-> 'C:/Users/sho11/Desktop/cicadagallaley/mpv/script-opts/commands.conf'
[   0.007][d][global] config path: 'script-opts/commands.conf' -/-> 'C:/Users/sho11/Desktop/cicadagallaley/mpv/mpv/script-opts/commands.conf'
[   0.007][d][commands] script-opts/commands.conf not found.
[   0.007][d][global] config path: 'lua-settings/positioning.conf' -/-> 'C:\Users\sho11\AppData\Roaming/mpv/lua-settings/positioning.conf'
[   0.007][d][global] config path: 'lua-settings/positioning.conf' -/-> 'C:/Users/sho11/Desktop/cicadagallaley/mpv/lua-settings/positioning.conf'
[   0.007][d][global] config path: 'lua-settings/positioning.conf' -/-> 'C:/Users/sho11/Desktop/cicadagallaley/mpv/mpv/lua-settings/positioning.conf'
[   0.007][d][positioning] lua-settings/positioning.conf not found.
[   0.008][d][global] config path: 'script-opts/ytdl_hook.conf' -/-> 'C:\Users\sho11\AppData\Roaming/mpv/script-opts/ytdl_hook.conf'
[   0.008][d][global] config path: 'script-opts/select.conf' -/-> 'C:\Users\sho11\AppData\Roaming/mpv/script-opts/select.conf'
[   0.008][d][global] config path: 'script-opts/ytdl_hook.conf' -/-> 'C:/Users/sho11/Desktop/cicadagallaley/mpv/script-opts/ytdl_hook.conf'
[   0.008][i][cicada_capture] CicadaGallery scene capture script loaded (lang: ja)
[   0.008][d][global] config path: 'script-opts/ytdl_hook.conf' -/-> 'C:/Users/sho11/Desktop/cicadagallaley/mpv/mpv/script-opts/ytdl_hook.conf'
[   0.008][d][global] config path: 'script-opts/select.conf' -/-> 'C:/Users/sho11/Desktop/cicadagallaley/mpv/script-opts/select.conf'
[   0.008][d][ytdl_hook] script-opts/ytdl_hook.conf not found.
[   0.008][d][global] config path: 'script-opts/select.conf' -/-> 'C:/Users/sho11/Desktop/cicadagallaley/mpv/mpv/script-opts/select.conf'
[   0.008][d][select] script-opts/select.conf not found.
[   0.008][d][cplayer] Run command: define-section, flags=64, args=[name="input_positioning", contents="", flags="default"]
[   0.008][d][cplayer] Run command: define-section, flags=64, args=[name="input_cicada_capture", contents="s nonscalable script-binding cicada_capture/cicada-capture-scene-s\nCtrl+s nonscalable script-binding cicada_capture/cicada-capture-scene-ctrl-s\nCtrl+Shift+s nonscalable script-binding cicada_capture/cicada-capture-scene-key\nh nonscalable script-binding cicada_capture/cicada-show-help\nH nonscalable script-binding cicada_capture/cicada-show-help-shift\n", flags="default"]
[   0.008][d][cplayer] Run command: enable-section, flags=64, args=[name="input_positioning", flags="allow-hide-cursor+allow-vo-dragging"]
[   0.008][d][cplayer] Run command: define-section, flags=64, args=[name="input_forced_positioning", contents="", flags="force"]
[   0.008][d][cplayer] Run command: enable-section, flags=64, args=[name="input_forced_positioning", flags="allow-hide-cursor+allow-vo-dragging"]
[   0.008][d][cplayer] Run command: enable-section, flags=64, args=[name="input_cicada_capture", flags="allow-hide-cursor+allow-vo-dragging"]
[   0.008][d][global] config path: 'lua-settings/commands.conf' -/-> 'C:\Users\sho11\AppData\Roaming/mpv/lua-settings/commands.conf'
[   0.008][d][cplayer] Run command: define-section, flags=64, args=[name="input_forced_cicada_capture", contents="", flags="force"]
[   0.008][d][cplayer] Run command: enable-section, flags=64, args=[name="input_forced_cicada_capture", flags="allow-hide-cursor+allow-vo-dragging"]
[   0.008][d][global] config path: 'lua-settings/commands.conf' -/-> 'C:/Users/sho11/Desktop/cicadagallaley/mpv/lua-settings/commands.conf'
[   0.008][d][global] config path: 'lua-settings/commands.conf' -/-> 'C:/Users/sho11/Desktop/cicadagallaley/mpv/mpv/lua-settings/commands.conf'
[   0.008][d][commands] lua-settings/commands.conf not found.
[   0.008][d][stats] reading options for stats
[   0.008][d][cplayer] Run command: define-section, flags=64, args=[name="input_commands", contents="", flags="default"]
[   0.008][d][cplayer] Run command: enable-section, flags=64, args=[name="input_commands", flags="allow-hide-cursor+allow-vo-dragging"]
[   0.008][d][cplayer] Run command: define-section, flags=64, args=[name="input_forced_commands", contents="", flags="force"]
[   0.008][d][cplayer] Run command: enable-section, flags=64, args=[name="input_forced_commands", flags="allow-hide-cursor+allow-vo-dragging"]
[   0.008][d][global] config path: 'lua-settings/ytdl_hook.conf' -/-> 'C:\Users\sho11\AppData\Roaming/mpv/lua-settings/ytdl_hook.conf'
[   0.008][d][global] config path: 'lua-settings/ytdl_hook.conf' -/-> 'C:/Users/sho11/Desktop/cicadagallaley/mpv/lua-settings/ytdl_hook.conf'
[   0.008][d][global] config path: 'lua-settings/ytdl_hook.conf' -/-> 'C:/Users/sho11/Desktop/cicadagallaley/mpv/mpv/lua-settings/ytdl_hook.conf'
[   0.008][d][ytdl_hook] lua-settings/ytdl_hook.conf not found.
[   0.008][d][global] config path: 'lua-settings/select.conf' -/-> 'C:\Users\sho11\AppData\Roaming/mpv/lua-settings/select.conf'
[   0.008][d][auto_profiles] Destroying client handle...
[   0.008][d][global] config path: 'lua-settings/select.conf' -/-> 'C:/Users/sho11/Desktop/cicadagallaley/mpv/lua-settings/select.conf'
[   0.008][d][global] config path: 'lua-settings/select.conf' -/-> 'C:/Users/sho11/Desktop/cicadagallaley/mpv/mpv/lua-settings/select.conf'
[   0.008][d][global] config path: 'script-opts/stats.conf' -/-> 'C:\Users\sho11\AppData\Roaming/mpv/script-opts/stats.conf'
[   0.008][d][select] lua-settings/select.conf not found.
[   0.008][d][global] config path: 'script-opts/stats.conf' -/-> 'C:/Users/sho11/Desktop/cicadagallaley/mpv/script-opts/stats.conf'
[   0.008][d][global] config path: 'script-opts/stats.conf' -/-> 'C:/Users/sho11/Desktop/cicadagallaley/mpv/mpv/script-opts/stats.conf'
[   0.008][d][stats] script-opts/stats.conf not found.
[   0.008][d][cplayer] Run command: define-section, flags=64, args=[name="input_select", contents="", flags="default"]
[   0.008][d][global] config path: 'lua-settings/stats.conf' -/-> 'C:\Users\sho11\AppData\Roaming/mpv/lua-settings/stats.conf'
[   0.008][d][cplayer] Run command: enable-section, flags=64, args=[name="input_select", flags="allow-hide-cursor+allow-vo-dragging"]
[   0.008][d][global] config path: 'lua-settings/stats.conf' -/-> 'C:/Users/sho11/Desktop/cicadagallaley/mpv/lua-settings/stats.conf'
[   0.008][d][cplayer] Run command: define-section, flags=64, args=[name="input_forced_select", contents="", flags="force"]
[   0.008][d][cplayer] Run command: enable-section, flags=64, args=[name="input_forced_select", flags="allow-hide-cursor+allow-vo-dragging"]
[   0.008][d][global] config path: 'lua-settings/stats.conf' -/-> 'C:/Users/sho11/Desktop/cicadagallaley/mpv/mpv/lua-settings/stats.conf'
[   0.008][d][stats] lua-settings/stats.conf not found.
[   0.008][d][console] reading options for console
[   0.008][d][global] config path: 'script-opts/console.conf' -/-> 'C:\Users\sho11\AppData\Roaming/mpv/script-opts/console.conf'
[   0.008][d][global] config path: 'script-opts/console.conf' -/-> 'C:/Users/sho11/Desktop/cicadagallaley/mpv/script-opts/console.conf'
[   0.008][d][global] config path: 'script-opts/console.conf' -/-> 'C:/Users/sho11/Desktop/cicadagallaley/mpv/mpv/script-opts/console.conf'
[   0.008][d][console] script-opts/console.conf not found.
[   0.009][d][cplayer] Run command: define-section, flags=64, args=[name="input_stats", contents="", flags="default"]
[   0.009][d][cplayer] Run command: enable-section, flags=64, args=[name="input_stats", flags="allow-hide-cursor+allow-vo-dragging"]
[   0.009][d][cplayer] Run command: define-section, flags=64, args=[name="input_forced_stats", contents="", flags="force"]
[   0.009][d][cplayer] Run command: enable-section, flags=64, args=[name="input_forced_stats", flags="allow-hide-cursor+allow-vo-dragging"]
[   0.009][d][global] config path: 'lua-settings/console.conf' -/-> 'C:\Users\sho11\AppData\Roaming/mpv/lua-settings/console.conf'
[   0.009][d][global] config path: 'lua-settings/console.conf' -/-> 'C:/Users/sho11/Desktop/cicadagallaley/mpv/lua-settings/console.conf'
[   0.009][d][global] config path: 'lua-settings/console.conf' -/-> 'C:/Users/sho11/Desktop/cicadagallaley/mpv/mpv/lua-settings/console.conf'
[   0.009][d][console] lua-settings/console.conf not found.
[   0.009][d][cplayer] Run command: define-section, flags=64, args=[name="showhide", contents="mouse_move script-binding osc/__keybinding1\nmouse_leave script-binding osc/__keybinding2\n", flags="force"]
[   0.009][d][cplayer] Run command: define-section, flags=64, args=[name="showhide_wc", contents="mouse_move script-binding osc/__keybinding3\nmouse_leave script-binding osc/__keybinding4\n", flags="force"]
[   0.009][d][cplayer] Run command: enable-section, flags=64, args=[name="showhide", flags="allow-hide-cursor+allow-vo-dragging"]
[   0.009][d][cplayer] Run command: enable-section, flags=64, args=[name="showhide_wc", flags="allow-hide-cursor+allow-vo-dragging"]
[   0.009][d][cplayer] Run command: define-section, flags=64, args=[name="input", contents="mbtn_left script-binding osc/__keybinding5\nmbtn_mid script-binding osc/__keybinding6\nmbtn_right script-binding osc/__keybinding7\nshift+mbtn_left script-binding osc/__keybinding8\nwheel_up script-binding osc/__keybinding9\nwheel_down script-binding osc/__keybinding10\nmbtn_left_dbl ignore\nshift+mbtn_left_dbl ignore\nmbtn_right_dbl ignore\n", flags="force"]
[   0.009][d][cplayer] Run command: enable-section, flags=64, args=[name="input", flags=""]
[   0.009][d][cplayer] Run command: define-section, flags=64, args=[name="window-controls", contents="mbtn_left script-binding osc/__keybinding11\n", flags="force"]
[   0.009][d][cplayer] Run command: enable-section, flags=64, args=[name="window-controls", flags=""]
[   0.009][d][cplayer] Run command: define-section, flags=64, args=[name="input_console", contents="", flags="default"]
[   0.009][d][cplayer] Run command: enable-section, flags=64, args=[name="input_console", flags="allow-hide-cursor+allow-vo-dragging"]
[   0.009][d][osc] reading options for osc
[   0.009][d][cplayer] Run command: define-section, flags=64, args=[name="input_forced_console", contents="", flags="force"]
[   0.009][d][cplayer] Run command: enable-section, flags=64, args=[name="input_forced_console", flags="allow-hide-cursor+allow-vo-dragging"]
[   0.009][d][global] config path: 'script-opts/osc.conf' -/-> 'C:\Users\sho11\AppData\Roaming/mpv/script-opts/osc.conf'
[   0.009][d][global] config path: 'script-opts/osc.conf' -/-> 'C:/Users/sho11/Desktop/cicadagallaley/mpv/script-opts/osc.conf'
[   0.009][d][global] config path: 'script-opts/osc.conf' -/-> 'C:/Users/sho11/Desktop/cicadagallaley/mpv/mpv/script-opts/osc.conf'
[   0.009][d][osc] script-opts/osc.conf not found.
[   0.010][d][global] config path: 'lua-settings/osc.conf' -/-> 'C:\Users\sho11\AppData\Roaming/mpv/lua-settings/osc.conf'
[   0.010][d][global] config path: 'lua-settings/osc.conf' -/-> 'C:/Users/sho11/Desktop/cicadagallaley/mpv/lua-settings/osc.conf'
[   0.010][d][global] config path: 'lua-settings/osc.conf' -/-> 'C:/Users/sho11/Desktop/cicadagallaley/mpv/mpv/lua-settings/osc.conf'
[   0.010][d][osc] lua-settings/osc.conf not found.
[   0.010][v][cplayer] Set property: user-data/osc/visibility="auto" -> 1
[   0.010][d][cplayer] Run command: disable-section, flags=64, args=[name="input"]
[   0.010][d][cplayer] Run command: disable-section, flags=64, args=[name="window-controls"]
[   0.010][v][cplayer] Set property: user-data/osc/margins={"t":0,"b":0,"l":0,"r":0} -> 1
[   0.010][v][cplayer] Done loading scripts.
[   0.010][d][global] state path: 'watch_later' -> 'C:\Users\sho11\AppData\Local/mpv/watch_later'
[   0.010][v][cplayer] Running hook: auto_profiles/on_before_start_file
[   0.010][v][cplayer] Failed sending hook command auto_profiles/on_before_start_file. Removing hook.
[   0.010][d][global] state path: 'watch_later' -> 'C:\Users\sho11\AppData\Local/mpv/watch_later'
[   0.010][v][cplayer] Running hook: auto_profiles/on_load
[   0.010][v][cplayer] Failed sending hook command auto_profiles/on_load. Removing hook.
[   0.010][v][cplayer] Running hook: ytdl_hook/on_load
[   0.011][v][cplayer] Running hook: ytdl_hook/on_load
[   0.011][v][ytdl_hook] playlist hook
[   0.011][v][cplayer] Set property: user-data/osc/margins={"t":0,"b":0,"l":0,"r":0} -> 1
[   0.011][d][osc] osc_init
[   0.011][v][ifo_dvdnav] Opening D:\yt-dlp\youtube\youtube_5.mp4
[   0.011][v][cplayer] Set property: user-data/osc/margins={"t":0,"b":0,"l":0,"r":0} -> 1
[   0.011][v][bdmv/bluray] Opening D:\yt-dlp\youtube\youtube_5.mp4
[   0.011][v][file] Opening D:\yt-dlp\youtube\youtube_5.mp4
[   0.011][d][file] resize stream to 131072 bytes, drop 0 bytes
[   0.011][d][file] Stream opened successfully.
[   0.011][v][demux] Trying demuxers for level=normal.
[   0.011][d][global] config path: 'fonts' -/-> 'C:\Users\sho11\AppData\Roaming/mpv/fonts'
[   0.011][d][demux] Trying demuxer: directory (force-level: normal)
[   0.011][d][global] config path: 'fonts' -/-> 'C:/Users/sho11/Desktop/cicadagallaley/mpv/fonts'
[   0.011][d][global] config path: 'fonts' -/-> 'C:/Users/sho11/Desktop/cicadagallaley/mpv/mpv/fonts'
[   0.011][d][osd/libass] ASS library version: 0x1704000 (runtime 0x1704000)
[   0.011][v][osd/libass] libass API version: 0x1704000
[   0.011][v][osd/libass] libass source: meson, commit: 0.17.4-21-gfadc390583f24eb5cf98f16925fd3adee50bca88
[   0.011][v][osd/libass] Shaper: FriBidi 1.0.16 (SIMPLE) HarfBuzz-ng 12.3.0 (COMPLEX)
[   0.011][d][demux] Trying demuxer: disc (force-level: normal)
[   0.011][d][demux] Trying demuxer: edl (force-level: normal)
[   0.011][d][demux] Trying demuxer: cue (force-level: normal)
[   0.011][d][demux] Trying demuxer: rawaudio (force-level: normal)
[   0.011][d][demux] Trying demuxer: rawvideo (force-level: normal)
[   0.011][d][demux] Trying demuxer: mkv (force-level: normal)
[   0.011][d][demux] Trying demuxer: libarchive (force-level: normal)
[   0.011][d][global] config path: 'subfont.ttf' -/-> 'C:\Users\sho11\AppData\Roaming/mpv/subfont.ttf'
[   0.011][d][global] config path: 'subfont.ttf' -/-> 'C:/Users/sho11/Desktop/cicadagallaley/mpv/subfont.ttf'
[   0.011][d][global] config path: 'subfont.ttf' -/-> 'C:/Users/sho11/Desktop/cicadagallaley/mpv/mpv/subfont.ttf'
[   0.011][d][demux] Trying demuxer: subrandr (force-level: normal)
[   0.011][d][demux] Trying demuxer: lavf (force-level: normal)
[   0.011][d][global] config path: 'fonts.conf' -/-> 'C:\Users\sho11\AppData\Roaming/mpv/fonts.conf'
[   0.011][d][global] config path: 'fonts.conf' -/-> 'C:/Users/sho11/Desktop/cicadagallaley/mpv/fonts.conf'
[   0.011][d][global] config path: 'fonts.conf' -> 'C:/Users/sho11/Desktop/cicadagallaley/mpv/mpv/fonts.conf'
[   0.011][v][osd/libass] Setting up fonts...
[   0.012][v][osd/libass] Using font provider directwrite (with GDI)
[   0.012][v][osd/libass] Done.
[   0.013][d][cplayer] Run command: define-section, flags=64, args=[name="input_osc", contents="", flags="default"]
[   0.013][d][cplayer] Run command: enable-section, flags=64, args=[name="input_osc", flags="allow-hide-cursor+allow-vo-dragging"]
[   0.013][d][cplayer] Run command: define-section, flags=64, args=[name="input_forced_osc", contents="", flags="force"]
[   0.013][d][cplayer] Run command: enable-section, flags=64, args=[name="input_forced_osc", flags="allow-hide-cursor+allow-vo-dragging"]
[   0.014][v][lavf] Found 'mov,mp4,m4a,3gp,3g2,mj2' at score=100 size=2048.
[   0.016][w][ffmpeg/demuxer] mov,mp4,m4a,3gp,3g2,mj2: stream 0, timescale not set
[   0.016][v][lavf] Assuming this is an image format.
[   0.016][v][demux] Detected file format: mov,mp4,m4a,3gp,3g2,mj2 (libavformat)
[   0.016][v][cplayer] Opening done: D:\yt-dlp\youtube\youtube_5.mp4
[   0.016][v][find_files] Loading external files in D:\yt-dlp\youtube\
[   0.017][d][global] config path: 'sub' -/-> 'C:\Users\sho11\AppData\Roaming/mpv/sub'
[   0.017][d][global] config path: 'sub' -/-> 'C:/Users/sho11/Desktop/cicadagallaley/mpv/sub'
[   0.017][d][global] config path: 'sub' -/-> 'C:/Users/sho11/Desktop/cicadagallaley/mpv/mpv/sub'
[   0.017][v][cplayer] Running hook: auto_profiles/on_preloaded
[   0.017][v][cplayer] Failed sending hook command auto_profiles/on_preloaded. Removing hook.
[   0.017][v][cplayer] Running hook: ytdl_hook/on_preloaded
[   0.017][v][lavf] select track 0
[   0.017][v][lavf] select track 1
[   0.017][i][cplayer] ● Video  --vid=1  (h264 1280x720 29.97 fps) [default]
[   0.017][i][cplayer] ○ Image  --vid=2  (mjpeg)
[   0.017][i][cplayer] ● Audio  --aid=1  (aac 2ch 44100 Hz 128 kbps) [default]
[   0.017][v][vo/gpu-next] Probing for best GPU context.
[   0.017][v][vo/gpu-next/auto] Initializing GPU context 'auto'
[   0.017][v][vo/gpu-next/d3d11] Initializing GPU context 'd3d11'
[   0.153][v][vo/gpu-next/d3d11] Using Direct3D 11 feature level 12_1
[   0.153][v][vo/gpu-next/d3d11] Device Name: NVIDIA GeForce RTX 3060
[   0.153][v][vo/gpu-next/d3d11] Device ID: 10de:2504 (rev a1)
[   0.153][v][vo/gpu-next/d3d11] Subsystem ID: 10de:2504
[   0.153][v][vo/gpu-next/d3d11] LUID: 0000000000011fe7
[   0.153][v][vo/gpu-next/d3d11] Initializing SPIR-V compiler 'shaderc'
[   0.153][v][vo/gpu-next/d3d11] Using Direct3D 11.1 runtime
[   0.153][v][vo/gpu-next/d3d11] Maximum Texture2D size: 16384x16384
[   0.154][v][vo/gpu-next/d3d11] D3DCompiler version: 10.0.26100.7462
[   0.165][v][vo/gpu-next/d3d11] Using DXGI 1.2+
[   0.165][v][vo/gpu-next/d3d11] Queried output: \\.\DISPLAY1, 1920x1080 @ 8 bits, colorspace: RGB_FULL_G22_NONE_P709 (0)
[   0.165][v][vo/gpu-next/d3d11] Selected swapchain format R8G8B8A8_UNORM (28), attempting to utilize it.
[   0.166][v][vo/gpu-next/d3d11] Selected swapchain color space RGB_FULL_G22_NONE_P709 (0), attempting to utilize it.
[   0.166][v][vo/gpu-next/d3d11] Swapchain capabilities for color space RGB_FULL_G22_NONE_P709 (0): normal: yes, overlay: yes
[   0.166][v][vo/gpu-next/d3d11] Swapchain successfully configured to color space RGB_FULL_G22_NONE_P709 (0)!
[   0.166][v][vo/gpu-next/d3d11] Using flip-model presentation
[   0.166][v][vo/gpu-next/libplacebo] Initialized libplacebo v7.358.0 (v7.351.0-106-gbc90ef9-dirty) (API v358)
[   0.166][v][vo/gpu-next/libplacebo] Using DXGI 1.2+
[   0.166][v][vo/gpu-next/libplacebo] Using Direct3D 11 feature level 12_1
[   0.166][v][vo/gpu-next/libplacebo] Direct3D 11 device properties:
[   0.166][v][vo/gpu-next/libplacebo]     Device Name: NVIDIA GeForce RTX 3060
[   0.166][v][vo/gpu-next/libplacebo]     Device ID: 10de:2504 (rev a1)
[   0.166][v][vo/gpu-next/libplacebo]     Subsystem ID: 10de:2504
[   0.166][v][vo/gpu-next/libplacebo]     LUID: 0000000000011fe7
[   0.167][v][vo/gpu-next/libplacebo]     Driver version: 32.0.15.8180
[   0.167][v][vo/gpu-next/libplacebo] shaderc SPIR-V version 1.6 rev 1
[   0.167][v][vo/gpu-next/libplacebo] Initialized SPIR-V compiler 'shaderc'
[   0.167][v][vo/gpu-next/libplacebo] Using Direct3D 11.4 runtime
[   0.167][v][vo/gpu-next/libplacebo] D3DCompiler version: 10.0.26100.7462
[   0.167][v][vo/gpu-next/libplacebo] GPU information:
[   0.167][v][vo/gpu-next/libplacebo]     GLSL version: 450 (vulkan)
[   0.167][v][vo/gpu-next/libplacebo]       max_shmem_size:            32768
[   0.167][v][vo/gpu-next/libplacebo]       max_group_threads:         1024
[   0.167][v][vo/gpu-next/libplacebo]       max_group_size[0]:         1024
[   0.167][v][vo/gpu-next/libplacebo]       max_group_size[1]:         1024
[   0.167][v][vo/gpu-next/libplacebo]       max_group_size[2]:         64
[   0.167][v][vo/gpu-next/libplacebo]       subgroup_size:             0
[   0.167][v][vo/gpu-next/libplacebo]       min_gather_offset:         -32
[   0.167][v][vo/gpu-next/libplacebo]       max_gather_offset:         31
[   0.167][v][vo/gpu-next/libplacebo]     Limits:
[   0.167][v][vo/gpu-next/libplacebo]       thread_safe:               0
[   0.167][v][vo/gpu-next/libplacebo]       callbacks:                 0
[   0.167][v][vo/gpu-next/libplacebo]       max_buf_size:              2147483648
[   0.167][v][vo/gpu-next/libplacebo]       max_ubo_size:              65536
[   0.167][v][vo/gpu-next/libplacebo]       max_ssbo_size:             2147483648
[   0.167][v][vo/gpu-next/libplacebo]       max_vbo_size:              2147483648
[   0.167][v][vo/gpu-next/libplacebo]       max_mapped_size:           0
[   0.167][v][vo/gpu-next/libplacebo]       max_buffer_texels:         134217728
[   0.167][v][vo/gpu-next/libplacebo]       align_host_ptr:            0
[   0.167][v][vo/gpu-next/libplacebo]       host_cached:               0
[   0.167][v][vo/gpu-next/libplacebo]       max_tex_1d_dim:            16384
[   0.167][v][vo/gpu-next/libplacebo]       max_tex_2d_dim:            16384
[   0.167][v][vo/gpu-next/libplacebo]       max_tex_3d_dim:            2048
[   0.167][v][vo/gpu-next/libplacebo]       blittable_1d_3d:           1
[   0.167][v][vo/gpu-next/libplacebo]       buf_transfer:              0
[   0.167][v][vo/gpu-next/libplacebo]       align_tex_xfer_pitch:      1
[   0.167][v][vo/gpu-next/libplacebo]       align_tex_xfer_offset:     32
[   0.167][v][vo/gpu-next/libplacebo]       max_variable_comps:        0
[   0.167][v][vo/gpu-next/libplacebo]       max_constants:             0
[   0.167][v][vo/gpu-next/libplacebo]       max_pushc_size:            0
[   0.167][v][vo/gpu-next/libplacebo]       align_vertex_stride:       1
[   0.167][v][vo/gpu-next/libplacebo]       max_dispatch[0]:           65535
[   0.167][v][vo/gpu-next/libplacebo]       max_dispatch[1]:           65535
[   0.167][v][vo/gpu-next/libplacebo]       max_dispatch[2]:           65535
[   0.167][v][vo/gpu-next/libplacebo]       fragment_queues:           1
[   0.167][v][vo/gpu-next/libplacebo]       compute_queues:            1
[   0.167][d][vo/gpu-next/libplacebo] GPU texture formats:
[   0.167][d][vo/gpu-next/libplacebo]     NAME                 TYPE   SIZE COMP CAPS         EMU DEPTH         HOST_BITS     GLSL_TYPE  GLSL_FMT   FOURCC
[   0.167][d][vo/gpu-next/libplacebo]     r8                   UNORM  1    R    SsLRbBVutHWG n   {8  0  0  0 } {8  0  0  0 } float      r8         R8    
[   0.167][d][vo/gpu-next/libplacebo]     r8s                  SNORM  1    R    SsLRbBVutHWG n   {8  0  0  0 } {8  0  0  0 } float      r8_snorm         
[   0.167][d][vo/gpu-next/libplacebo]     rg8                  UNORM  2    RG   SsLRbBVutHWG n   {8  8  0  0 } {8  8  0  0 } vec2       rg8        GR88  
[   0.167][d][vo/gpu-next/libplacebo]     rg8s                 SNORM  2    RG   SsLRbBVutHWG n   {8  8  0  0 } {8  8  0  0 } vec2       rg8_snorm        
[   0.167][d][vo/gpu-next/libplacebo]     rgba8                UNORM  4    RGBA SsLRbBVutHWG n   {8  8  8  8 } {8  8  8  8 } vec4       rgba8      AB24  
[   0.167][d][vo/gpu-next/libplacebo]     rgba8s               SNORM  4    RGBA SsLRbBVutHWG n   {8  8  8  8 } {8  8  8  8 } vec4       rgba8_snorm       
[   0.167][d][vo/gpu-next/libplacebo]     bgra8                UNORM  4    BGRA SsLRbBVutHWG n   {8  8  8  8 } {8  8  8  8 } vec4                  AR24  
[   0.167][d][vo/gpu-next/libplacebo]     rgb10a2              UNORM  4    RGBA SsLRbBVutHWG n   {10 10 10 2 } {10 10 10 2 } vec4       rgb10_a2   AB30  
[   0.167][d][vo/gpu-next/libplacebo]     rg11b10f             FLOAT  4    RGB  SsLRbBVutHWG n   {11 11 10 0 } {11 11 10 0 } vec3       r11f_g11f_b10f       
[   0.167][d][vo/gpu-next/libplacebo]     r16                  UNORM  2    R    SsLRbBVutHWG n   {16 0  0  0 } {16 0  0  0 } float      r16        R16   
[   0.167][d][vo/gpu-next/libplacebo]     r16hf                FLOAT  2    R    SsLRbBVutHWG n   {16 0  0  0 } {16 0  0  0 } float      r16f             
[   0.167][d][vo/gpu-next/libplacebo]     r16s                 SNORM  2    R    SsLRbBVutHWG n   {16 0  0  0 } {16 0  0  0 } float      r16_snorm        
[   0.167][d][vo/gpu-next/libplacebo]     rg16                 UNORM  4    RG   SsLRbBVutHWG n   {16 16 0  0 } {16 16 0  0 } vec2       rg16       GR32  
[   0.167][d][vo/gpu-next/libplacebo]     rg16hf               FLOAT  4    RG   SsLRbBVutHWG n   {16 16 0  0 } {16 16 0  0 } vec2       rg16f            
[   0.167][d][vo/gpu-next/libplacebo]     rg16s                SNORM  4    RG   SsLRbBVutHWG n   {16 16 0  0 } {16 16 0  0 } vec2       rg16_snorm       
[   0.167][d][vo/gpu-next/libplacebo]     rgba16               UNORM  8    RGBA SsLRbBVutHWG n   {16 16 16 16} {16 16 16 16} vec4       rgba16     AB48  
[   0.167][d][vo/gpu-next/libplacebo]     rgba16hf             FLOAT  8    RGBA SsLRbBVutHWG n   {16 16 16 16} {16 16 16 16} vec4       rgba16f    AB4H  
[   0.167][d][vo/gpu-next/libplacebo]     rgba16s              SNORM  8    RGBA SsLRbBVutHWG n   {16 16 16 16} {16 16 16 16} vec4       rgba16_snorm       
[   0.167][d][vo/gpu-next/libplacebo]     r32f                 FLOAT  4    R    SsLRbBVutHWG n   {32 0  0  0 } {32 0  0  0 } float      r32f             
[   0.167][d][vo/gpu-next/libplacebo]     rg32f                FLOAT  8    RG   SsLRbBVutHWG n   {32 32 0  0 } {32 32 0  0 } vec2       rg32f            
[   0.167][d][vo/gpu-next/libplacebo]     rgba32f              FLOAT  16   RGBA SsLRbBVutHWG n   {32 32 32 32} {32 32 32 32} vec4       rgba32f          
[   0.167][d][vo/gpu-next/libplacebo]     bgr5a1               UNORM  2    BGRA S-LRb----H-G n   {5  5  5  1 } {5  5  5  1 }                       AR15  
[   0.167][d][vo/gpu-next/libplacebo]     bgr565               UNORM  2    BGR  S-LRb----H-G n   {5  6  5  0 } {5  6  5  0 }                       RG16  
[   0.167][d][vo/gpu-next/libplacebo]     bgrx8                UNORM  4    BGR  S-LRb-Vu-H-G n   {8  8  8  0 } {8  8  8  0 } vec3                        
[   0.167][d][vo/gpu-next/libplacebo]     r8i                  SINT   1    R    -s-R-BVutHW- n   {8  0  0  0 } {8  0  0  0 } int        r8i              
[   0.167][d][vo/gpu-next/libplacebo]     r8u                  UINT   1    R    -s-R-BVutHW- n   {8  0  0  0 } {8  0  0  0 } uint       r8ui             
[   0.167][d][vo/gpu-next/libplacebo]     rg8i                 SINT   2    RG   -s-R-BVutHW- n   {8  8  0  0 } {8  8  0  0 } ivec2      rg8i             
[   0.167][d][vo/gpu-next/libplacebo]     rg8u                 UINT   2    RG   -s-R-BVutHW- n   {8  8  0  0 } {8  8  0  0 } uvec2      rg8ui            
[   0.167][d][vo/gpu-next/libplacebo]     rgba8i               SINT   4    RGBA -s-R-BVutHW- n   {8  8  8  8 } {8  8  8  8 } ivec4      rgba8i           
[   0.167][d][vo/gpu-next/libplacebo]     rgba8u               UINT   4    RGBA -s-R-BVutHW- n   {8  8  8  8 } {8  8  8  8 } uvec4      rgba8ui          
[   0.167][d][vo/gpu-next/libplacebo]     rgb10a2u             UINT   4    RGBA -s-R-BVutHW- n   {10 10 10 2 } {10 10 10 2 } uvec4      rgb10_a2ui       
[   0.167][d][vo/gpu-next/libplacebo]     r16i                 SINT   2    R    -s-R-BVutHW- n   {16 0  0  0 } {16 0  0  0 } int        r16i             
[   0.167][d][vo/gpu-next/libplacebo]     r16u                 UINT   2    R    -s-R-BVutHW- n   {16 0  0  0 } {16 0  0  0 } uint       r16ui            
[   0.167][d][vo/gpu-next/libplacebo]     rg16i                SINT   4    RG   -s-R-BVutHW- n   {16 16 0  0 } {16 16 0  0 } ivec2      rg16i            
[   0.167][d][vo/gpu-next/libplacebo]     rg16u                UINT   4    RG   -s-R-BVutHW- n   {16 16 0  0 } {16 16 0  0 } uvec2      rg16ui           
[   0.167][d][vo/gpu-next/libplacebo]     rgba16i              SINT   8    RGBA -s-R-BVutHW- n   {16 16 16 16} {16 16 16 16} ivec4      rgba16i          
[   0.167][d][vo/gpu-next/libplacebo]     rgba16u              UINT   8    RGBA -s-R-BVutHW- n   {16 16 16 16} {16 16 16 16} uvec4      rgba16ui         
[   0.167][d][vo/gpu-next/libplacebo]     r32i                 SINT   4    R    -s-R-BVutHW- n   {32 0  0  0 } {32 0  0  0 } int        r32i             
[   0.167][d][vo/gpu-next/libplacebo]     r32u                 UINT   4    R    -s-R-BVutHW- n   {32 0  0  0 } {32 0  0  0 } uint       r32ui            
[   0.167][d][vo/gpu-next/libplacebo]     rg32i                SINT   8    RG   -s-R-BVutHW- n   {32 32 0  0 } {32 32 0  0 } ivec2      rg32i            
[   0.167][d][vo/gpu-next/libplacebo]     rg32u                UINT   8    RG   -s-R-BVutHW- n   {32 32 0  0 } {32 32 0  0 } uvec2      rg32ui           
[   0.167][d][vo/gpu-next/libplacebo]     rgba32i              SINT   16   RGBA -s-R-BVutHW- n   {32 32 32 32} {32 32 32 32} ivec4      rgba32i          
[   0.167][d][vo/gpu-next/libplacebo]     rgba32u              UINT   16   RGBA -s-R-BVutHW- n   {32 32 32 32} {32 32 32 32} uvec4      rgba32ui         
[   0.167][d][vo/gpu-next/libplacebo]     bgra4                UNORM  2    BGRA S-L------H-G n   {4  4  4  4 } {4  4  4  4 }                       AR12  
[   0.167][d][vo/gpu-next/libplacebo]     rgb32f               FLOAT  12   RGB  S-----Vu-H-- n   {32 32 32 0 } {32 32 32 0 } vec3                        
[   0.167][d][vo/gpu-next/libplacebo]     rgb32i               SINT   12   RGB  ------Vu-H-- n   {32 32 32 0 } {32 32 32 0 } ivec3                       
[   0.167][d][vo/gpu-next/libplacebo]     rgb32u               UINT   12   RGB  ------Vu-H-- n   {32 32 32 0 } {32 32 32 0 } uvec3                       
[   0.167][d][vo/gpu-next/libplacebo]     rgb8                 UNORM  3    RGB  SsLRbBVutHWG y   {8  8  8  0 } {8  8  8  0 } vec3                  BG24  
[   0.167][d][vo/gpu-next/libplacebo]     rgb16                UNORM  6    RGB  SsLRbBVutHWG y   {16 16 16 0 } {16 16 16 0 } vec3                        
[   0.167][d][vo/gpu-next/libplacebo]     rgb16hf              FLOAT  6    RGB  SsLRbBVutHWG y   {16 16 16 0 } {16 16 16 0 } vec3                        
[   0.167][d][vo/gpu-next/libplacebo]     r16f                 FLOAT  4    R    SsLRbBVutHWG y   {16 0  0  0 } {32 0  0  0 } float      r16f             
[   0.167][d][vo/gpu-next/libplacebo]     rg16f                FLOAT  8    RG   SsLRbBVutHWG y   {16 16 0  0 } {32 32 0  0 } vec2       rg16f            
[   0.167][d][vo/gpu-next/libplacebo]     rgb16f               FLOAT  12   RGB  SsLRbBVutHWG y   {16 16 16 0 } {32 32 32 0 } vec3                        
[   0.167][d][vo/gpu-next/libplacebo]     rgba16f              FLOAT  16   RGBA SsLRbBVutHWG y   {16 16 16 16} {32 32 32 32} vec4       rgba16f          
[   0.167][v][vo/gpu-next/libplacebo] Using flip-model presentation
[   0.167][v][vo/gpu-next/libplacebo] Initial swap chain configuration: format: R10G10B10A2_UNORM, color space: RGB_FULL_G22_NONE_P709.
[   0.167][d][global] cache path: '' -> 'C:\Users\sho11\AppData\Local/mpv/cache'
[   0.167][d][global] cache path: '' -> 'C:\Users\sho11\AppData\Local/mpv/cache'
[   0.167][d][vo/gpu-next] Render options updated, resetting render state.
[   0.167][v][vo/gpu-next/win32] DPI detected from the new API: 96
[   0.167][v][vo/gpu-next/win32] display-fps: 144.001000
[   0.169][v][vo/gpu-next/win32] color-profile: C:\WINDOWS\system32\spool\drivers\color\sRGB Color Space Profile.icm
[   0.169][v][vo/gpu-next] Assuming 144.001000 FPS for display sync.
[   0.169][v][vd] Container reported FPS: 29.970030
[   0.172][v][vd] Codec list:
[   0.172][v][vd]     h264 - H.264 / AVC / MPEG-4 AVC / MPEG-4 part 10
[   0.172][v][vd]     h264_qsv (h264) - H264 video (Intel Quick Sync Video acceleration)
[   0.172][v][vd]     h264_amf (h264) - H264 AMD AMF video decoder
[   0.172][v][vd]     h264_cuvid (h264) - Nvidia CUVID H264 decoder
[   0.172][v][vd] Opening decoder h264
[   0.172][v][vd] No hardware decoding requested.
[   0.172][v][vd] Using software decoding.
[   0.172][v][vd] Detected 20 logical cores.
[   0.172][v][vd] Requesting 16 threads for decoding.
[   0.173][v][vd] Selected decoder: h264 - H.264 / AVC / MPEG-4 AVC / MPEG-4 part 10
[   0.173][v][vf] User filter list:
[   0.173][v][vf]   (empty)
[   0.173][v][ad] Codec list:
[   0.173][v][ad]     aac - AAC (Advanced Audio Coding)
[   0.173][v][ad]     aac_fixed (aac) - AAC (Advanced Audio Coding)
[   0.173][v][ad] Opening decoder aac
[   0.173][v][ad] Requesting 1 threads for decoding.
[   0.174][v][ad] Selected decoder: aac - AAC (Advanced Audio Coding)
[   0.174][v][af] User filter list:
[   0.174][v][af]   (empty)
[   0.174][v][cplayer] Starting playback...
[   0.174][v][lavf] queuing seek to 111.144367
[   0.174][v][lavf] execute seek (to 111.144367 flags 32)
[   0.174][v][cplayer] hr-seek, skipping to 111.144367
[   0.174][v][lavf] seek done
[   0.174][v][file] stream level seek from 196608 to 24138896
[   0.174][d][osc] osc_init
[   0.174][d][ffmpeg/video] h264: Reinit context to 1280x720, pix_fmt: yuv420p
[   0.174][d][vd] DR parameter change to 1280x738 yuv420p align=64
[   0.174][d][vd] Allocating new (host-cached) DR image...
[   0.174][d][vd] ...failed..
[   0.174][v][vd] DR failed - disabling.
[   0.185][v][vd] Using software decoding.
[   0.185][v][vd] Decoder format: 1280x720 yuv420p bt.709/bt.709/bt.1886/limited/auto CL=mpeg2/4/h264 crop=1280x720+0+0 A=none
[   0.185][v][vd] Using container aspect ratio.
[   0.185][v][vf] [in] 1280x720 yuv420p bt.709/bt.709/bt.1886/limited/display CL=mpeg2/4/h264 crop=1280x720+0+0 A=none
[   0.185][v][vf] [userdeint] 1280x720 yuv420p bt.709/bt.709/bt.1886/limited/display CL=mpeg2/4/h264 crop=1280x720+0+0 A=none
[   0.185][v][vf] [userdeint] (disabled)
[   0.185][v][vf] [autovflip] 1280x720 yuv420p bt.709/bt.709/bt.1886/limited/display CL=mpeg2/4/h264 crop=1280x720+0+0 A=none
[   0.185][v][vf] [autovflip] (disabled)
[   0.185][v][vf] [autorotate] 1280x720 yuv420p bt.709/bt.709/bt.1886/limited/display CL=mpeg2/4/h264 crop=1280x720+0+0 A=none
[   0.185][v][vf] [autorotate] (disabled)
[   0.185][v][vf] [convert] 1280x720 yuv420p bt.709/bt.709/bt.1886/limited/display CL=mpeg2/4/h264 crop=1280x720+0+0 A=none
[   0.185][v][vf] [convert] (disabled)
[   0.185][v][vf] [out] 1280x720 yuv420p bt.709/bt.709/bt.1886/limited/display CL=mpeg2/4/h264 crop=1280x720+0+0 A=none
[   0.185][v][af] [in] 44100Hz stereo 2ch floatp
[   0.185][v][af] [userspeed] 44100Hz stereo 2ch floatp
[   0.185][v][af] [userspeed] (disabled)
[   0.185][v][af] [convert] 44100Hz stereo 2ch floatp
[   0.185][d][global] config path: 'fonts' -/-> 'C:\Users\sho11\AppData\Roaming/mpv/fonts'
[   0.185][d][global] config path: 'fonts' -/-> 'C:/Users/sho11/Desktop/cicadagallaley/mpv/fonts'
[   0.185][d][global] config path: 'fonts' -/-> 'C:/Users/sho11/Desktop/cicadagallaley/mpv/mpv/fonts'
[   0.185][d][osd/libass] ASS library version: 0x1704000 (runtime 0x1704000)
[   0.185][v][osd/libass] libass API version: 0x1704000
[   0.185][v][osd/libass] libass source: meson, commit: 0.17.4-21-gfadc390583f24eb5cf98f16925fd3adee50bca88
[   0.186][v][osd/libass] Shaper: FriBidi 1.0.16 (SIMPLE) HarfBuzz-ng 12.3.0 (COMPLEX)
[   0.186][d][global] config path: 'subfont.ttf' -/-> 'C:\Users\sho11\AppData\Roaming/mpv/subfont.ttf'
[   0.186][d][global] config path: 'subfont.ttf' -/-> 'C:/Users/sho11/Desktop/cicadagallaley/mpv/subfont.ttf'
[   0.186][d][global] config path: 'subfont.ttf' -/-> 'C:/Users/sho11/Desktop/cicadagallaley/mpv/mpv/subfont.ttf'
[   0.186][d][global] config path: 'fonts.conf' -/-> 'C:\Users\sho11\AppData\Roaming/mpv/fonts.conf'
[   0.186][d][global] config path: 'fonts.conf' -/-> 'C:/Users/sho11/Desktop/cicadagallaley/mpv/fonts.conf'
[   0.186][d][global] config path: 'fonts.conf' -> 'C:/Users/sho11/Desktop/cicadagallaley/mpv/mpv/fonts.conf'
[   0.186][v][osd/libass] Setting up fonts...
[   0.186][v][osd/libass] Using font provider directwrite (with GDI)
[   0.186][v][osd/libass] Done.
[   0.187][v][ao] Trying audio driver 'wasapi'
[   0.187][v][ao/wasapi] requested format: 44100 Hz, stereo channels, floatp
[   0.187][d][ao/wasapi] Init wasapi
[   0.187][d][ao/wasapi] Find device ''
[   0.188][v][ao/wasapi] No device specified. Selecting default.
[   0.190][v][ao/wasapi] Selecting device '{3d518477-fd05-4127-a706-4b5063f2c1e6}' (Line (Steinberg UR22mkII ))
[   0.190][v][ao/wasapi] Monitoring changes in device {0.0.0.00000000}.{3d518477-fd05-4127-a706-4b5063f2c1e6}
[   0.203][d][ao/wasapi] Init wasapi thread
[   0.203][d][ao/wasapi] Activating pAudioClient interface
[   0.204][d][ao/wasapi] Probing formats
[   0.205][v][ao/wasapi] Trying stereo float (32/32 bits) @ 48000hz (shared) -> ok
[   0.205][v][ao/wasapi] Accepted as stereo float @ 48000hz -> stereo float (32/32 bits) @ 48000hz (shared)
[   0.205][d][ao/wasapi] Fixing format
[   0.205][d][ao/wasapi] IAudioClient::GetDevicePeriod
[   0.206][v][ao/wasapi] Device period: default 10000 us, minimum 3000 us
[   0.206][d][ao/wasapi] IAudioClient::Initialize
[   0.209][d][ao/wasapi] IAudioClient::Initialize pRenderClient
[   0.209][d][ao/wasapi] IAudioClient::Initialize IAudioClient_SetEventHandle
[   0.209][d][ao/wasapi] IAudioClient::Initialize IAudioClient_GetBufferSize
[   0.209][v][ao/wasapi] Buffer frame count: 1056 (22000 us)
[   0.209][v][ao/wasapi] IAudioClock::GetFrequency gave a frequency of 384000.
[   0.209][d][ao/wasapi] IAudioClient::Initialize pAudioVolume
[   0.209][d][ao/wasapi] Entering dispatch loop
[   0.209][d][ao/wasapi] Init wasapi done
[   0.209][v][ao/wasapi] device buffer: 1056 samples.
[   0.209][v][ao/wasapi] using soft-buffer of 9600 samples.
[   0.209][i][cplayer] AO: [wasapi] 48000Hz stereo 2ch float
[   0.209][v][cplayer] AO: Description: Windows WASAPI audio output (event mode)
[   0.209][v][autoconvert] inserting resampler
[   0.209][v][swresample] format change, reinitializing resampler
[   0.209][v][swresample] 44100Hz stereo floatp -> 48000Hz stereo float
[   0.209][v][af] [out] 48000Hz stereo 2ch float
[   0.211][v][cplayer] Set property: user-data/osc/margins={"t":0,"b":0,"l":0,"r":0} -> 1
[   0.226][i][cplayer] VO: [gpu-next] 1280x720 yuv420p
[   0.226][v][cplayer] VO: Description: Video output based on libplacebo
[   0.226][v][vo/gpu-next] reconfig to 1280x720 yuv420p bt.709/bt.709/bt.1886/limited/display CL=mpeg2/4/h264 crop=1280x720+0+0 A=none
[   0.226][d][vo/gpu-next] max content size: 1904x993
[   0.226][d][vo/gpu-next] monitor size: 1920x1080
[   0.226][v][vo/gpu-next/win32] reset window bounds: 320:167:1280:720
[   0.226][v][vo/gpu-next/win32] resize window: 1280:720
[   0.235][v][vo/gpu-next/win32] resize window: 1280:720
[   0.237][v][vo/gpu-next] Window size: 1280x720 (Borders: l=0 t=0 r=0 b=0)
[   0.237][v][vo/gpu-next] Video source: 1280x720 (1:1)
[   0.237][v][vo/gpu-next] Video display: (0, 0) 1280x720 -> (0, 0) 1280x720
[   0.237][v][vo/gpu-next] Video scale: 1.000000/1.000000
[   0.237][v][vo/gpu-next] OSD borders: l=0 t=0 r=0 b=0
[   0.237][v][vo/gpu-next] Video borders: l=0 t=0 r=0 b=0
[   0.237][v][vo/gpu-next/libplacebo] Attempting to reconfigure swap chain format: R8G8B8A8_UNORM -> R10G10B10A2_UNORM
[   0.240][v][vo/gpu-next] Window size: 1280x720 (Borders: l=0 t=0 r=0 b=0)
[   0.240][v][vo/gpu-next] Video source: 1280x720 (1:1)
[   0.240][v][vo/gpu-next] Video display: (0, 0) 1280x720 -> (0, 0) 1280x720
[   0.240][v][vo/gpu-next] Video scale: 1.000000/1.000000
[   0.240][v][vo/gpu-next] OSD borders: l=0 t=0 r=0 b=0
[   0.240][v][vo/gpu-next] Video borders: l=0 t=0 r=0 b=0
[   0.240][d][vo/gpu-next/libplacebo] First frame received with non-zero PTS 111.144367
[   0.241][d][global] config path: 'fonts' -/-> 'C:\Users\sho11\AppData\Roaming/mpv/fonts'
[   0.241][d][global] config path: 'fonts' -/-> 'C:/Users/sho11/Desktop/cicadagallaley/mpv/fonts'
[   0.241][d][global] config path: 'fonts' -/-> 'C:/Users/sho11/Desktop/cicadagallaley/mpv/mpv/fonts'
[   0.241][d][osd/libass] ASS library version: 0x1704000 (runtime 0x1704000)
[   0.241][v][osd/libass] libass API version: 0x1704000
[   0.241][v][osd/libass] libass source: meson, commit: 0.17.4-21-gfadc390583f24eb5cf98f16925fd3adee50bca88
[   0.241][v][osd/libass] Shaper: FriBidi 1.0.16 (SIMPLE) HarfBuzz-ng 12.3.0 (COMPLEX)
[   0.241][d][global] config path: 'subfont.ttf' -/-> 'C:\Users\sho11\AppData\Roaming/mpv/subfont.ttf'
[   0.241][d][global] config path: 'subfont.ttf' -/-> 'C:/Users/sho11/Desktop/cicadagallaley/mpv/subfont.ttf'
[   0.241][d][global] config path: 'subfont.ttf' -/-> 'C:/Users/sho11/Desktop/cicadagallaley/mpv/mpv/subfont.ttf'
[   0.241][d][global] config path: 'fonts.conf' -/-> 'C:\Users\sho11\AppData\Roaming/mpv/fonts.conf'
[   0.241][d][global] config path: 'fonts.conf' -/-> 'C:/Users/sho11/Desktop/cicadagallaley/mpv/fonts.conf'
[   0.241][d][global] config path: 'fonts.conf' -> 'C:/Users/sho11/Desktop/cicadagallaley/mpv/mpv/fonts.conf'
[   0.241][v][osd/libass] Setting up fonts...
[   0.242][v][osd/libass] Using font provider directwrite (with GDI)
[   0.242][v][osd/libass] Done.
[   0.245][v][osd/libass] fontselect: (sans-serif, 400, 0) -> ArialMT, 0, ArialMT
[   0.245][v][osd/libass] Glyph 0x1F3AC not found, selecting one more font for (sans-serif, 400, 0)
[   0.249][v][osd/libass] fontselect: (sans-serif, 400, 0) -> SegoeUIEmoji, 0, SegoeUIEmoji
[   0.251][d][osd] Spent 10.530 ms in osd_render (slow!)
[   0.251][d][vo/gpu-next/libplacebo] (Re)creating 499x79x0 texture with format r8: unknown
[   0.251][d][vo/gpu-next/libplacebo] (Re)creating 1280x720x0 texture with format r8: ../../../../../src_packages/libplacebo/src/utils/upload.c:246
[   0.252][d][vo/gpu-next/libplacebo] (Re)creating 640x360x0 texture with format r8: ../../../../../src_packages/libplacebo/src/utils/upload.c:246
[   0.252][d][vo/gpu-next/libplacebo] (Re)creating 640x360x0 texture with format r8: ../../../../../src_packages/libplacebo/src/utils/upload.c:246
[   0.252][d][vo/gpu-next/libplacebo] (Re)creating 640x360x0 texture with format rg8: src/renderer.c:1676
[   0.252][d][vo/gpu-next/libplacebo] vertex shader source:
[   0.252][d][vo/gpu-next/libplacebo] [  1] #version 450
[   0.252][d][vo/gpu-next/libplacebo] [  2] #extension GL_ARB_texture_gather : enable
[   0.252][d][vo/gpu-next/libplacebo] [  3] layout(binding=0) uniform  sampler2D _2;
[   0.252][d][vo/gpu-next/libplacebo] [  4] layout(binding=1) uniform  sampler2D _8002;
[   0.252][d][vo/gpu-next/libplacebo] [  5] layout(location=0) in vec2 _7;
[   0.252][d][vo/gpu-next/libplacebo] [  6] layout(location=0) out vec2 _3;
[   0.252][d][vo/gpu-next/libplacebo] [  7] layout(location=1) in vec2 _8;
[   0.252][d][vo/gpu-next/libplacebo] [  8] layout(location=1) out vec2 _8003;
[   0.252][d][vo/gpu-next/libplacebo] [  9] layout(location=2) in vec2 _9;
[   0.252][d][vo/gpu-next/libplacebo] [ 10] void main() {
[   0.252][d][vo/gpu-next/libplacebo] [ 11] _3 = _7;
[   0.252][d][vo/gpu-next/libplacebo] [ 12] _8003 = _8;
[   0.252][d][vo/gpu-next/libplacebo] [ 13] vec2 va_pos = _9; 
[   0.252][d][vo/gpu-next/libplacebo] [ 14] gl_Position = vec4(va_pos, 0.0, 1.0); 
[   0.252][d][vo/gpu-next/libplacebo] [ 15] }
[   0.252][d][vo/gpu-next/libplacebo] fragment shader source:
[   0.252][d][vo/gpu-next/libplacebo] [  1] #version 450
[   0.252][d][vo/gpu-next/libplacebo] [  2] #extension GL_ARB_texture_gather : enable
[   0.252][d][vo/gpu-next/libplacebo] [  3] layout(binding=0) uniform  sampler2D _2;
[   0.252][d][vo/gpu-next/libplacebo] [  4] layout(binding=1) uniform  sampler2D _8002;
[   0.252][d][vo/gpu-next/libplacebo] [  5] layout(location=0) in vec2 _3;
[   0.252][d][vo/gpu-next/libplacebo] [  6] layout(location=1) in vec2 _8003;
[   0.252][d][vo/gpu-next/libplacebo] [  7] layout(location=0) out vec4 out_color;
[   0.252][d][vo/gpu-next/libplacebo] [  8] 
[   0.252][d][vo/gpu-next/libplacebo] [  9] const float _4 = float(1); 
[   0.252][d][vo/gpu-next/libplacebo] [ 10] const float _8004 = float(1); 
[   0.252][d][vo/gpu-next/libplacebo] [ 11] vec4 _8001() {
[   0.252][d][vo/gpu-next/libplacebo] [ 12] // pl_shader_sample_direct                                  
[   0.252][d][vo/gpu-next/libplacebo] [ 13] vec4 color = vec4(_8004) * vec4(textureLod(_8002, _8003, 0.0));   
[   0.252][d][vo/gpu-next/libplacebo] [ 14] return color;
[   0.252][d][vo/gpu-next/libplacebo] [ 15] }
[   0.252][d][vo/gpu-next/libplacebo] [ 16] 
[   0.252][d][vo/gpu-next/libplacebo] [ 17] vec4 _1() {
[   0.252][d][vo/gpu-next/libplacebo] [ 18] // pl_shader_sample_direct                                  
[   0.252][d][vo/gpu-next/libplacebo] [ 19] vec4 color = vec4(_4) * vec4(textureLod(_2, _3, 0.0));   
[   0.252][d][vo/gpu-next/libplacebo] [ 20] {                 
[   0.252][d][vo/gpu-next/libplacebo] [ 21] vec4 tmp = _8001(); 
[   0.252][d][vo/gpu-next/libplacebo] [ 22] color[1] = tmp[0]; 
[   0.252][d][vo/gpu-next/libplacebo] [ 23] } 
[   0.252][d][vo/gpu-next/libplacebo] [ 24] return color;
[   0.252][d][vo/gpu-next/libplacebo] [ 25] }
[   0.252][d][vo/gpu-next/libplacebo] [ 26] 
[   0.252][d][vo/gpu-next/libplacebo] [ 27] void main() {
[   0.252][d][vo/gpu-next/libplacebo] [ 28] out_color = _1();
[   0.252][d][vo/gpu-next/libplacebo] [ 29] }
[   0.252][d][vo/gpu-next] cache_load_obj: key(183f85fe994322d9), size(1673), load time(0.113 ms)
[   0.252][d][vo/gpu-next/libplacebo] Using cached DXBC shaders
[   0.253][d][vo/gpu-next] cache_save_obj: key(183f85fe994322d9), size(1673)
[   0.253][d][vo/gpu-next/libplacebo] LUT invalidated, regenerating..
[   0.253][d][vo/gpu-next/libplacebo] Spent 0.001 ms generating shader LUT
[   0.254][d][vo/gpu-next/libplacebo] (Re)creating 640x720x0 texture with format rg16hf: src/renderer.c:768
[   0.254][d][vo/gpu-next/libplacebo] vertex shader source:
[   0.254][d][vo/gpu-next/libplacebo] [  1] #version 450
[   0.254][d][vo/gpu-next/libplacebo] [  2] #extension GL_ARB_uniform_buffer_object : enable
[   0.254][d][vo/gpu-next/libplacebo] [  3] #extension GL_ARB_texture_gather : enable
[   0.254][d][vo/gpu-next/libplacebo] [  4] layout(binding=0) uniform  sampler2D _2;
[   0.254][d][vo/gpu-next/libplacebo] [  5] layout(binding=1) uniform  sampler2D _6;
[   0.254][d][vo/gpu-next/libplacebo] [  6] layout(std140, binding=2) uniform _11 {
[   0.254][d][vo/gpu-next/libplacebo] [  7]     layout(offset=0) vec2 _4;
[   0.254][d][vo/gpu-next/libplacebo] [  8] };
[   0.254][d][vo/gpu-next/libplacebo] [  9] layout(location=0) in vec2 _12;
[   0.254][d][vo/gpu-next/libplacebo] [ 10] layout(location=0) out vec2 _3;
[   0.254][d][vo/gpu-next/libplacebo] [ 11] layout(location=1) in vec2 _13;
[   0.254][d][vo/gpu-next/libplacebo] [ 12] void main() {
[   0.254][d][vo/gpu-next/libplacebo] [ 13] _3 = _12;
[   0.254][d][vo/gpu-next/libplacebo] [ 14] vec2 va_pos = _13; 
[   0.254][d][vo/gpu-next/libplacebo] [ 15] gl_Position = vec4(va_pos, 0.0, 1.0); 
[   0.254][d][vo/gpu-next/libplacebo] [ 16] }
[   0.254][d][vo/gpu-next/libplacebo] fragment shader source:
[   0.254][d][vo/gpu-next/libplacebo] [  1] #version 450
[   0.254][d][vo/gpu-next/libplacebo] [  2] #extension GL_ARB_uniform_buffer_object : enable
[   0.254][d][vo/gpu-next/libplacebo] [  3] #extension GL_ARB_texture_gather : enable
[   0.254][d][vo/gpu-next/libplacebo] [  4] layout(binding=0) uniform  sampler2D _2;
[   0.254][d][vo/gpu-next/libplacebo] [  5] layout(binding=1) uniform  sampler2D _6;
[   0.254][d][vo/gpu-next/libplacebo] [  6] layout(std140, binding=2) uniform _11 {
[   0.254][d][vo/gpu-next/libplacebo] [  7]     layout(offset=0) vec2 _4;
[   0.254][d][vo/gpu-next/libplacebo] [  8] };
[   0.254][d][vo/gpu-next/libplacebo] [  9] layout(location=0) in vec2 _3;
[   0.254][d][vo/gpu-next/libplacebo] [ 10] layout(location=0) out vec4 out_color;
[   0.254][d][vo/gpu-next/libplacebo] [ 11] 
[   0.254][d][vo/gpu-next/libplacebo] [ 12] const float _8 = float(0.5); 
[   0.254][d][vo/gpu-next/libplacebo] [ 13] const float _9 = float(0.25); 
[   0.254][d][vo/gpu-next/libplacebo] [ 14] #define _7(x) (_8 * (x) + _9) 
[   0.254][d][vo/gpu-next/libplacebo] [ 15] const float _b = float(0.99609375); 
[   0.254][d][vo/gpu-next/libplacebo] [ 16] const float _c = float(0.001953125); 
[   0.254][d][vo/gpu-next/libplacebo] [ 17] #define _a(x) (_b * (x) + _c) 
[   0.254][d][vo/gpu-next/libplacebo] [ 18] #define _5(pos) (textureLod(_6, vec2(\
[   0.254][d][vo/gpu-next/libplacebo] [ 19]     _7(vec2(pos).x)\
[   0.254][d][vo/gpu-next/libplacebo] [ 20]    ,_a(vec2(pos).y)\
[   0.254][d][vo/gpu-next/libplacebo] [ 21]   ), 0.0).xyzw)
[   0.254][d][vo/gpu-next/libplacebo] [ 22] const uint _d = uint(6); 
[   0.254][d][vo/gpu-next/libplacebo] [ 23] const float _e = float(0); 
[   0.254][d][vo/gpu-next/libplacebo] [ 24] const float _f = float(1); 
[   0.254][d][vo/gpu-next/libplacebo] [ 25] vec4 _1() {
[   0.254][d][vo/gpu-next/libplacebo] [ 26] /* pl_shader_sample_ortho */
[   0.254][d][vo/gpu-next/libplacebo] [ 27] vec4 color = vec4(0.0, 0.0, 0.0, 1.0);
[   0.254][d][vo/gpu-next/libplacebo] [ 28] {
[   0.254][d][vo/gpu-next/libplacebo] [ 29] vec2 pos = /*pos*/_3, pt = /*pt*/_4;
[   0.254][d][vo/gpu-next/libplacebo] [ 30] vec2 size = vec2(textureSize(/*src_tex*/_2, 0));
[   0.254][d][vo/gpu-next/libplacebo] [ 31] vec2 dir = vec2(float(0), float(1));
[   0.254][d][vo/gpu-next/libplacebo] [ 32] pt *= dir;
[   0.254][d][vo/gpu-next/libplacebo] [ 33] vec2 fcoord2 = fract(pos * size - vec2(0.5));
[   0.254][d][vo/gpu-next/libplacebo] [ 34] float fcoord = dot(fcoord2, dir);
[   0.254][d][vo/gpu-next/libplacebo] [ 35] vec2 base = pos - fcoord * pt - pt * vec2(float(2));
[   0.254][d][vo/gpu-next/libplacebo] [ 36] vec4 ws;
[   0.254][d][vo/gpu-next/libplacebo] [ 37] float off;
[   0.254][d][vo/gpu-next/libplacebo] [ 38] vec2 c, ca = vec2(0.0);
[   0.254][d][vo/gpu-next/libplacebo] [ 39] #pragma unroll 4
[   0.254][d][vo/gpu-next/libplacebo] [ 40] for (uint n = 0u; n < /*n*/_d; n += uint(1)) {
[   0.254][d][vo/gpu-next/libplacebo] [ 41]     if (n % 4u == 0u)
[   0.254][d][vo/gpu-next/libplacebo] [ 42]         ws = /*lut*/_5(vec2(float(n / 4u) / float(1), fcoord));
[   0.254][d][vo/gpu-next/libplacebo] [ 43]     off = float(n);
[   0.254][d][vo/gpu-next/libplacebo] [ 44]     c = textureLod(/*src_tex*/_2, base + pt * off, 0.0).rg;
[   0.254][d][vo/gpu-next/libplacebo] [ 45]     ca += ws[n % 4u] * c;
[   0.254][d][vo/gpu-next/libplacebo] [ 46] }
[   0.254][d][vo/gpu-next/libplacebo] [ 47] color.rg = /*scale*/_f * ca;
[   0.254][d][vo/gpu-next/libplacebo] [ 48] }
[   0.254][d][vo/gpu-next/libplacebo] [ 49] return color;
[   0.254][d][vo/gpu-next/libplacebo] [ 50] }
[   0.254][d][vo/gpu-next/libplacebo] [ 51] 
[   0.254][d][vo/gpu-next/libplacebo] [ 52] void main() {
[   0.254][d][vo/gpu-next/libplacebo] [ 53] out_color = _1();
[   0.254][d][vo/gpu-next/libplacebo] [ 54] }
[   0.254][d][vo/gpu-next] cache_load_obj: key(b560644d751fd2d1), size(2505), load time(0.103 ms)
[   0.254][d][vo/gpu-next/libplacebo] Using cached DXBC shaders
[   0.254][d][vo/gpu-next] cache_save_obj: key(b560644d751fd2d1), size(2505)
[   0.254][d][vo/gpu-next/libplacebo] LUT invalidated, regenerating..
[   0.254][d][vo/gpu-next/libplacebo] Spent 0.001 ms generating shader LUT
[   0.255][d][vo/gpu-next] cache_load_obj: key(d95b62e641a2e006), size(16384), load time(0.078 ms)
[   0.255][d][vo/gpu-next/libplacebo] Re-using cached LUT (0xd95b62e641a2e006) with size 16384
[   0.255][d][vo/gpu-next] cache_save_obj: key(d95b62e641a2e006), size(16384)
[   0.255][v][vo/gpu-next/libplacebo] Dithering to 8 bit depth
[   0.255][d][vo/gpu-next/libplacebo] vertex shader source:
[   0.255][d][vo/gpu-next/libplacebo] [  1] #version 450
[   0.255][d][vo/gpu-next/libplacebo] [  2] #extension GL_ARB_uniform_buffer_object : enable
[   0.255][d][vo/gpu-next/libplacebo] [  3] #extension GL_ARB_texture_gather : enable
[   0.255][d][vo/gpu-next/libplacebo] [  4] layout(binding=0) uniform  sampler2D _c002;
[   0.255][d][vo/gpu-next/libplacebo] [  5] layout(binding=1) uniform  sampler2D _2002;
[   0.255][d][vo/gpu-next/libplacebo] [  6] layout(binding=2) uniform  sampler2D _2006;
[   0.255][d][vo/gpu-next/libplacebo] [  7] layout(binding=3) uniform  sampler2D _4009;
[   0.255][d][vo/gpu-next/libplacebo] [  8] layout(std140, binding=4) uniform _400f {
[   0.255][d][vo/gpu-next/libplacebo] [  9]     layout(offset=0) vec2 _2004;
[   0.255][d][vo/gpu-next/libplacebo] [ 10]     layout(offset=16) mat3 _4006;
[   0.255][d][vo/gpu-next/libplacebo] [ 11]     layout(offset=64) vec3 _4007;
[   0.255][d][vo/gpu-next/libplacebo] [ 12] };
[   0.255][d][vo/gpu-next/libplacebo] [ 13] layout(location=0) in vec2 _4010;
[   0.255][d][vo/gpu-next/libplacebo] [ 14] layout(location=0) out vec2 _c003;
[   0.255][d][vo/gpu-next/libplacebo] [ 15] layout(location=1) in vec2 _4011;
[   0.255][d][vo/gpu-next/libplacebo] [ 16] layout(location=1) out vec2 _2003;
[   0.255][d][vo/gpu-next/libplacebo] [ 17] layout(location=2) in vec2 _4012;
[   0.255][d][vo/gpu-next/libplacebo] [ 18] void main() {
[   0.255][d][vo/gpu-next/libplacebo] [ 19] _c003 = _4010;
[   0.255][d][vo/gpu-next/libplacebo] [ 20] _2003 = _4011;
[   0.255][d][vo/gpu-next/libplacebo] [ 21] vec2 va_pos = _4012; 
[   0.255][d][vo/gpu-next/libplacebo] [ 22] gl_Position = vec4(va_pos, 0.0, 1.0); 
[   0.255][d][vo/gpu-next/libplacebo] [ 23] }
[   0.255][d][vo/gpu-next/libplacebo] fragment shader source:
[   0.255][d][vo/gpu-next/libplacebo] [  1] #version 450
[   0.255][d][vo/gpu-next/libplacebo] [  2] #extension GL_ARB_uniform_buffer_object : enable
[   0.255][d][vo/gpu-next/libplacebo] [  3] #extension GL_ARB_texture_gather : enable
[   0.255][d][vo/gpu-next/libplacebo] [  4] layout(binding=0) uniform  sampler2D _c002;
[   0.255][d][vo/gpu-next/libplacebo] [  5] layout(binding=1) uniform  sampler2D _2002;
[   0.255][d][vo/gpu-next/libplacebo] [  6] layout(binding=2) uniform  sampler2D _2006;
[   0.255][d][vo/gpu-next/libplacebo] [  7] layout(binding=3) uniform  sampler2D _4009;
[   0.255][d][vo/gpu-next/libplacebo] [  8] layout(std140, binding=4) uniform _400f {
[   0.255][d][vo/gpu-next/libplacebo] [  9]     layout(offset=0) vec2 _2004;
[   0.255][d][vo/gpu-next/libplacebo] [ 10]     layout(offset=16) mat3 _4006;
[   0.255][d][vo/gpu-next/libplacebo] [ 11]     layout(offset=64) vec3 _4007;
[   0.255][d][vo/gpu-next/libplacebo] [ 12] };
[   0.255][d][vo/gpu-next/libplacebo] [ 13] layout(location=0) in vec2 _c003;
[   0.255][d][vo/gpu-next/libplacebo] [ 14] layout(location=1) in vec2 _2003;
[   0.255][d][vo/gpu-next/libplacebo] [ 15] layout(location=0) out vec4 out_color;
[   0.255][d][vo/gpu-next/libplacebo] [ 16] 
[   0.255][d][vo/gpu-next/libplacebo] [ 17] const float _4002 = float(0.062745101749897); 
[   0.255][d][vo/gpu-next/libplacebo] [ 18] const float _4003 = float(0.501960813999176); 
[   0.255][d][vo/gpu-next/libplacebo] [ 19] const float _c004 = float(1); 
[   0.255][d][vo/gpu-next/libplacebo] [ 20] vec4 _c001() {
[   0.255][d][vo/gpu-next/libplacebo] [ 21] // pl_shader_sample_direct                                  
[   0.255][d][vo/gpu-next/libplacebo] [ 22] vec4 color = vec4(_c004) * vec4(textureLod(_c002, _c003, 0.0));   
[   0.255][d][vo/gpu-next/libplacebo] [ 23] return color;
[   0.255][d][vo/gpu-next/libplacebo] [ 24] }
[   0.255][d][vo/gpu-next/libplacebo] [ 25] 
[   0.255][d][vo/gpu-next/libplacebo] [ 26] const float _4004 = float(1); 
[   0.255][d][vo/gpu-next/libplacebo] [ 27] const float _2008 = float(0.5); 
[   0.255][d][vo/gpu-next/libplacebo] [ 28] const float _2009 = float(0.25); 
[   0.255][d][vo/gpu-next/libplacebo] [ 29] #define _2007(x) (_2008 * (x) + _2009) 
[   0.255][d][vo/gpu-next/libplacebo] [ 30] const float _200b = float(0.99609375); 
[   0.255][d][vo/gpu-next/libplacebo] [ 31] const float _200c = float(0.001953125); 
[   0.255][d][vo/gpu-next/libplacebo] [ 32] #define _200a(x) (_200b * (x) + _200c) 
[   0.255][d][vo/gpu-next/libplacebo] [ 33] #define _2005(pos) (textureLod(_2006, vec2(\
[   0.255][d][vo/gpu-next/libplacebo] [ 34]     _2007(vec2(pos).x)\
[   0.255][d][vo/gpu-next/libplacebo] [ 35]    ,_200a(vec2(pos).y)\
[   0.255][d][vo/gpu-next/libplacebo] [ 36]   ), 0.0).xyzw)
[   0.255][d][vo/gpu-next/libplacebo] [ 37] const uint _200d = uint(6); 
[   0.255][d][vo/gpu-next/libplacebo] [ 38] const float _200e = float(0); 
[   0.255][d][vo/gpu-next/libplacebo] [ 39] const float _200f = float(1); 
[   0.255][d][vo/gpu-next/libplacebo] [ 40] vec4 _2001() {
[   0.255][d][vo/gpu-next/libplacebo] [ 41] /* pl_shader_sample_ortho */
[   0.255][d][vo/gpu-next/libplacebo] [ 42] vec4 color = vec4(0.0, 0.0, 0.0, 1.0);
[   0.255][d][vo/gpu-next/libplacebo] [ 43] {
[   0.255][d][vo/gpu-next/libplacebo] [ 44] vec2 pos = /*pos*/_2003, pt = /*pt*/_2004;
[   0.255][d][vo/gpu-next/libplacebo] [ 45] vec2 size = vec2(textureSize(/*src_tex*/_2002, 0));
[   0.255][d][vo/gpu-next/libplacebo] [ 46] vec2 dir = vec2(float(1), float(0));
[   0.255][d][vo/gpu-next/libplacebo] [ 47] pt *= dir;
[   0.255][d][vo/gpu-next/libplacebo] [ 48] vec2 fcoord2 = fract(pos * size - vec2(0.5));
[   0.255][d][vo/gpu-next/libplacebo] [ 49] float fcoord = dot(fcoord2, dir);
[   0.255][d][vo/gpu-next/libplacebo] [ 50] vec2 base = pos - fcoord * pt - pt * vec2(float(2));
[   0.255][d][vo/gpu-next/libplacebo] [ 51] vec4 ws;
[   0.255][d][vo/gpu-next/libplacebo] [ 52] float off;
[   0.255][d][vo/gpu-next/libplacebo] [ 53] vec2 c, ca = vec2(0.0);
[   0.255][d][vo/gpu-next/libplacebo] [ 54] #pragma unroll 4
[   0.255][d][vo/gpu-next/libplacebo] [ 55] for (uint n = 0u; n < /*n*/_200d; n += uint(1)) {
[   0.255][d][vo/gpu-next/libplacebo] [ 56]     if (n % 4u == 0u)
[   0.255][d][vo/gpu-next/libplacebo] [ 57]         ws = /*lut*/_2005(vec2(float(n / 4u) / float(1), fcoord));
[   0.255][d][vo/gpu-next/libplacebo] [ 58]     off = float(n);
[   0.255][d][vo/gpu-next/libplacebo] [ 59]     c = textureLod(/*src_tex*/_2002, base + pt * off, 0.0).rg;
[   0.255][d][vo/gpu-next/libplacebo] [ 60]     ca += ws[n % 4u] * c;
[   0.255][d][vo/gpu-next/libplacebo] [ 61] }
[   0.255][d][vo/gpu-next/libplacebo] [ 62] color.rg = /*scale*/_200f * ca;
[   0.255][d][vo/gpu-next/libplacebo] [ 63] }
[   0.255][d][vo/gpu-next/libplacebo] [ 64] return color;
[   0.255][d][vo/gpu-next/libplacebo] [ 65] }
[   0.255][d][vo/gpu-next/libplacebo] [ 66] 
[   0.255][d][vo/gpu-next/libplacebo] [ 67] const float _4005 = float(1); 
[   0.255][d][vo/gpu-next/libplacebo] [ 68] #define _4008(pos) (texelFetch(_4009, ivec2(pos), 0).x)
[   0.255][d][vo/gpu-next/libplacebo] [ 69] const float _400a = float(64); 
[   0.255][d][vo/gpu-next/libplacebo] [ 70] const float _400b = float(64); 
[   0.255][d][vo/gpu-next/libplacebo] [ 71] const float _400c = float(1); 
[   0.255][d][vo/gpu-next/libplacebo] [ 72] vec4 _4001() {
[   0.255][d][vo/gpu-next/libplacebo] [ 73] vec4 color = vec4(_4002, vec2(_4003), 1.0);   
[   0.255][d][vo/gpu-next/libplacebo] [ 74] // pass_read_image                        
[   0.255][d][vo/gpu-next/libplacebo] [ 75] {                                         
[   0.255][d][vo/gpu-next/libplacebo] [ 76] vec4 tmp;                                 
[   0.255][d][vo/gpu-next/libplacebo] [ 77] tmp = vec4(_4004) * _c001(); 
[   0.255][d][vo/gpu-next/libplacebo] [ 78] color[0] = tmp[0];
[   0.255][d][vo/gpu-next/libplacebo] [ 79] tmp = vec4(_4005) * _2001(); 
[   0.255][d][vo/gpu-next/libplacebo] [ 80] color[1] = tmp[0];
[   0.255][d][vo/gpu-next/libplacebo] [ 81] color[2] = tmp[1];
[   0.255][d][vo/gpu-next/libplacebo] [ 82] }
[   0.255][d][vo/gpu-next/libplacebo] [ 83] // pl_shader_decode_color 
[   0.255][d][vo/gpu-next/libplacebo] [ 84] { 
[   0.255][d][vo/gpu-next/libplacebo] [ 85] color.rgb = _4006 * color.rgb + _4007; 
[   0.255][d][vo/gpu-next/libplacebo] [ 86] }
[   0.255][d][vo/gpu-next/libplacebo] [ 87] // pl_shader_encode_color 
[   0.255][d][vo/gpu-next/libplacebo] [ 88] { 
[   0.255][d][vo/gpu-next/libplacebo] [ 89] }
[   0.255][d][vo/gpu-next/libplacebo] [ 90] // pl_shader_dither 
[   0.255][d][vo/gpu-next/libplacebo] [ 91] {                    
[   0.255][d][vo/gpu-next/libplacebo] [ 92] float bias;          
[   0.255][d][vo/gpu-next/libplacebo] [ 93] vec2 pos = fract(gl_FragCoord.xy * 1.0/_400a); 
[   0.255][d][vo/gpu-next/libplacebo] [ 94] bias = _4008(ivec2(pos * _400b));
[   0.255][d][vo/gpu-next/libplacebo] [ 95] const float scale = 255.0; 
[   0.255][d][vo/gpu-next/libplacebo] [ 96] color = scale * color + vec4(bias);   
[   0.255][d][vo/gpu-next/libplacebo] [ 97] color = floor(color) * (1.0 / scale); 
[   0.255][d][vo/gpu-next/libplacebo] [ 98] } 
[   0.255][d][vo/gpu-next/libplacebo] [ 99] color.rgba *= vec4(1.0 / _400c); 
[   0.255][d][vo/gpu-next/libplacebo] [100] vec4 _400d = color;                 
[   0.255][d][vo/gpu-next/libplacebo] [101] color = vec4(0.0, 0.0, 0.0, 1.0); 
[   0.255][d][vo/gpu-next/libplacebo] [102] color[0] = _400d[0]; 
[   0.255][d][vo/gpu-next/libplacebo] [103] color[1] = _400d[1]; 
[   0.255][d][vo/gpu-next/libplacebo] [104] color[2] = _400d[2]; 
[   0.255][d][vo/gpu-next/libplacebo] [105] color[3] = _400d[3]; 
[   0.255][d][vo/gpu-next/libplacebo] [106] return color;
[   0.255][d][vo/gpu-next/libplacebo] [107] }
[   0.255][d][vo/gpu-next/libplacebo] [108] 
[   0.255][d][vo/gpu-next/libplacebo] [109] void main() {
[   0.255][d][vo/gpu-next/libplacebo] [110] out_color = _4001();
[   0.255][d][vo/gpu-next/libplacebo] [111] }
[   0.255][d][vo/gpu-next] cache_load_obj: key(e579e1ad5448e3b4), size(3529), load time(0.062 ms)
[   0.255][d][vo/gpu-next/libplacebo] Using cached DXBC shaders
[   0.255][d][vo/gpu-next] cache_save_obj: key(e579e1ad5448e3b4), size(3529)
[   0.255][d][vo/gpu-next/libplacebo] vertex shader source:
[   0.255][d][vo/gpu-next/libplacebo] [  1] #version 450
[   0.255][d][vo/gpu-next/libplacebo] [  2] #extension GL_ARB_uniform_buffer_object : enable
[   0.255][d][vo/gpu-next/libplacebo] [  3] #extension GL_ARB_texture_gather : enable
[   0.255][d][vo/gpu-next/libplacebo] [  4] layout(binding=0) uniform  sampler2D _2;
[   0.255][d][vo/gpu-next/libplacebo] [  5] layout(std140, binding=1) uniform _d {
[   0.255][d][vo/gpu-next/libplacebo] [  6]     layout(offset=0) mat3 _5;
[   0.255][d][vo/gpu-next/libplacebo] [  7]     layout(offset=48) mat3 _6;
[   0.255][d][vo/gpu-next/libplacebo] [  8] };
[   0.255][d][vo/gpu-next/libplacebo] [  9] layout(location=0) in vec2 _e;
[   0.255][d][vo/gpu-next/libplacebo] [ 10] layout(location=1) in vec2 _f;
[   0.255][d][vo/gpu-next/libplacebo] [ 11] layout(location=1) out vec2 _b;
[   0.255][d][vo/gpu-next/libplacebo] [ 12] layout(location=2) in vec4 _10;
[   0.255][d][vo/gpu-next/libplacebo] [ 13] layout(location=2) out vec4 _c;
[   0.255][d][vo/gpu-next/libplacebo] [ 14] void main() {
[   0.255][d][vo/gpu-next/libplacebo] [ 15] vec2 va_pos = _e; 
[   0.255][d][vo/gpu-next/libplacebo] [ 16] gl_Position = vec4(va_pos, 0.0, 1.0); 
[   0.255][d][vo/gpu-next/libplacebo] [ 17] _b = _f;
[   0.255][d][vo/gpu-next/libplacebo] [ 18] _c = _10;
[   0.255][d][vo/gpu-next/libplacebo] [ 19] }
[   0.255][d][vo/gpu-next/libplacebo] fragment shader source:
[   0.255][d][vo/gpu-next/libplacebo] [  1] #version 450
[   0.255][d][vo/gpu-next/libplacebo] [  2] #extension GL_ARB_uniform_buffer_object : enable
[   0.255][d][vo/gpu-next/libplacebo] [  3] #extension GL_ARB_texture_gather : enable
[   0.255][d][vo/gpu-next/libplacebo] [  4] layout(binding=0) uniform  sampler2D _2;
[   0.255][d][vo/gpu-next/libplacebo] [  5] layout(std140, binding=1) uniform _d {
[   0.255][d][vo/gpu-next/libplacebo] [  6]     layout(offset=0) mat3 _5;
[   0.255][d][vo/gpu-next/libplacebo] [  7]     layout(offset=48) mat3 _6;
[   0.255][d][vo/gpu-next/libplacebo] [  8] };
[   0.255][d][vo/gpu-next/libplacebo] [  9] layout(location=1) in vec2 _b;
[   0.255][d][vo/gpu-next/libplacebo] [ 10] layout(location=2) in vec4 _c;
[   0.255][d][vo/gpu-next/libplacebo] [ 11] layout(location=0) out vec4 out_color;
[   0.255][d][vo/gpu-next/libplacebo] [ 12] #define pos _a
[   0.255][d][vo/gpu-next/libplacebo] [ 13] #define coord _b
[   0.255][d][vo/gpu-next/libplacebo] [ 14] #define osd_color _c
[   0.255][d][vo/gpu-next/libplacebo] [ 15] 
[   0.255][d][vo/gpu-next/libplacebo] [ 16] const float _3 = float(0.9990000128746033); 
[   0.255][d][vo/gpu-next/libplacebo] [ 17] const float _4 = float(0.0009999999310821295); 
[   0.255][d][vo/gpu-next/libplacebo] [ 18] const float _7 = float(1.149015188217163); 
[   0.255][d][vo/gpu-next/libplacebo] [ 19] const float _8 = float(0.0595848374068737); 
[   0.255][d][vo/gpu-next/libplacebo] [ 20] vec4 _1() {
[   0.255][d][vo/gpu-next/libplacebo] [ 21] // overlay 
[   0.255][d][vo/gpu-next/libplacebo] [ 22] vec4 color = osd_color; 
[   0.255][d][vo/gpu-next/libplacebo] [ 23] // pl_shader_decode_color 
[   0.255][d][vo/gpu-next/libplacebo] [ 24] { 
[   0.255][d][vo/gpu-next/libplacebo] [ 25] }
[   0.255][d][vo/gpu-next/libplacebo] [ 26] // pl_shader_color_map 
[   0.255][d][vo/gpu-next/libplacebo] [ 27] {                      
[   0.255][d][vo/gpu-next/libplacebo] [ 28] // pl_shader_linearize           
[   0.255][d][vo/gpu-next/libplacebo] [ 29] color.rgb = max(color.rgb, 0.0); 
[   0.255][d][vo/gpu-next/libplacebo] [ 30] color.rgb = mix(color.rgb * vec3(1.0/12.92),               
[   0.255][d][vo/gpu-next/libplacebo] [ 31]                 pow((color.rgb + vec3(0.055))/vec3(1.055), 
[   0.255][d][vo/gpu-next/libplacebo] [ 32]                     vec3(2.4)),                            
[   0.255][d][vo/gpu-next/libplacebo] [ 33]                 lessThan(vec3(0.04045), color.rgb));       
[   0.255][d][vo/gpu-next/libplacebo] [ 34] color.rgb = _3 * color.rgb + vec3(_4); 
[   0.255][d][vo/gpu-next/libplacebo] [ 35] // pl_shader_delinearize 
[   0.255][d][vo/gpu-next/libplacebo] [ 36] color.rgb = max(color.rgb, 0.0); 
[   0.255][d][vo/gpu-next/libplacebo] [ 37] color.rgb = pow(_7 * color.rgb, vec3(1.0/2.4)) - vec3(_8); 
[   0.255][d][vo/gpu-next/libplacebo] [ 38] }
[   0.255][d][vo/gpu-next/libplacebo] [ 39] // pl_shader_encode_color 
[   0.255][d][vo/gpu-next/libplacebo] [ 40] { 
[   0.255][d][vo/gpu-next/libplacebo] [ 41] color.rgb *= vec3(color.a); 
[   0.255][d][vo/gpu-next/libplacebo] [ 42] }
[   0.255][d][vo/gpu-next/libplacebo] [ 43] color.rgba *= textureLod(_2, coord, 0.0).r; 
[   0.255][d][vo/gpu-next/libplacebo] [ 44] vec4 _9 = color;                 
[   0.255][d][vo/gpu-next/libplacebo] [ 45] color = vec4(0.0, 0.0, 0.0, 1.0); 
[   0.255][d][vo/gpu-next/libplacebo] [ 46] color[0] = _9[0]; 
[   0.255][d][vo/gpu-next/libplacebo] [ 47] color[1] = _9[1]; 
[   0.255][d][vo/gpu-next/libplacebo] [ 48] color[2] = _9[2]; 
[   0.255][d][vo/gpu-next/libplacebo] [ 49] color[3] = _9[3]; 
[   0.255][d][vo/gpu-next/libplacebo] [ 50] color.a = _9.a; 
[   0.255][d][vo/gpu-next/libplacebo] [ 51] return color;
[   0.255][d][vo/gpu-next/libplacebo] [ 52] }
[   0.255][d][vo/gpu-next/libplacebo] [ 53] 
[   0.255][d][vo/gpu-next/libplacebo] [ 54] void main() {
[   0.255][d][vo/gpu-next/libplacebo] [ 55] out_color = _1();
[   0.255][d][vo/gpu-next/libplacebo] [ 56] }
[   0.255][d][vo/gpu-next] cache_load_obj: key(3360a918d5e07d34), size(2077), load time(0.060 ms)
[   0.255][d][vo/gpu-next/libplacebo] Using cached DXBC shaders
[   0.255][d][vo/gpu-next] cache_save_obj: key(3360a918d5e07d34), size(2077)
[   0.256][v][cplayer] first video frame after restart shown
[   0.256][d][osc] osc_init
[   0.259][v][cplayer] audio ready
[   0.259][d][cplayer] starting video playback
[   0.259][v][cplayer] starting audio playback
[   0.259][d][ao/wasapi] Thread Resume
[   0.259][d][ao/wasapi] Thread Reset
[   0.259][d][ao/wasapi] Thread Pause
[   0.259][v][cplayer] playback restart complete @ 111.144367, audio=playing, video=playing
[   0.259][d][ao/wasapi] Thread Unpause
[   0.259][v][vo/gpu-next/libplacebo] Detected fps ratio 0.0000 below threshold 0.0100, disabling interpolation
[   0.259][d][vo/gpu-next/libplacebo] (Re)creating 1280x720x0 texture with format r8: ../../../../../src_packages/libplacebo/src/utils/upload.c:246
[   0.259][d][vo/gpu-next/libplacebo] (Re)creating 640x360x0 texture with format r8: ../../../../../src_packages/libplacebo/src/utils/upload.c:246
[   0.259][v][cplayer] Set property: user-data/osc/margins={"t":0,"b":0,"l":0,"r":0} -> 1
[   0.259][d][vo/gpu-next/libplacebo] (Re)creating 640x360x0 texture with format r8: ../../../../../src_packages/libplacebo/src/utils/upload.c:246
[   0.260][d][osc] osc_init
[   0.260][v][cplayer] Set property: user-data/osc/margins={"t":0,"b":0,"l":0,"r":0} -> 1
[   0.309][d][vo/gpu-next/libplacebo] (Re)creating 1280x720x0 texture with format rgba16hf: src/renderer.c:3844
[   0.309][d][vo/gpu-next/libplacebo] vertex shader source:
[   0.309][d][vo/gpu-next/libplacebo] [  1] #version 450
[   0.309][d][vo/gpu-next/libplacebo] [  2] #extension GL_ARB_uniform_buffer_object : enable
[   0.309][d][vo/gpu-next/libplacebo] [  3] #extension GL_ARB_texture_gather : enable
[   0.309][d][vo/gpu-next/libplacebo] [  4] layout(binding=0) uniform  sampler2D _c002;
[   0.309][d][vo/gpu-next/libplacebo] [  5] layout(binding=1) uniform  sampler2D _2002;
[   0.309][d][vo/gpu-next/libplacebo] [  6] layout(binding=2) uniform  sampler2D _2006;
[   0.309][d][vo/gpu-next/libplacebo] [  7] layout(std140, binding=3) uniform _4009 {
[   0.309][d][vo/gpu-next/libplacebo] [  8]     layout(offset=0) vec2 _2004;
[   0.309][d][vo/gpu-next/libplacebo] [  9]     layout(offset=16) mat3 _4006;
[   0.309][d][vo/gpu-next/libplacebo] [ 10]     layout(offset=64) vec3 _4007;
[   0.309][d][vo/gpu-next/libplacebo] [ 11] };
[   0.309][d][vo/gpu-next/libplacebo] [ 12] layout(location=0) in vec2 _400a;
[   0.309][d][vo/gpu-next/libplacebo] [ 13] layout(location=0) out vec2 _c003;
[   0.309][d][vo/gpu-next/libplacebo] [ 14] layout(location=1) in vec2 _400b;
[   0.309][d][vo/gpu-next/libplacebo] [ 15] layout(location=1) out vec2 _2003;
[   0.309][d][vo/gpu-next/libplacebo] [ 16] layout(location=2) in vec2 _400c;
[   0.309][d][vo/gpu-next/libplacebo] [ 17] void main() {
[   0.309][d][vo/gpu-next/libplacebo] [ 18] _c003 = _400a;
[   0.309][d][vo/gpu-next/libplacebo] [ 19] _2003 = _400b;
[   0.309][d][vo/gpu-next/libplacebo] [ 20] vec2 va_pos = _400c; 
[   0.309][d][vo/gpu-next/libplacebo] [ 21] gl_Position = vec4(va_pos, 0.0, 1.0); 
[   0.309][d][vo/gpu-next/libplacebo] [ 22] }
[   0.309][d][vo/gpu-next/libplacebo] fragment shader source:
[   0.309][d][vo/gpu-next/libplacebo] [  1] #version 450
[   0.309][d][vo/gpu-next/libplacebo] [  2] #extension GL_ARB_uniform_buffer_object : enable
[   0.309][d][vo/gpu-next/libplacebo] [  3] #extension GL_ARB_texture_gather : enable
[   0.309][d][vo/gpu-next/libplacebo] [  4] layout(binding=0) uniform  sampler2D _c002;
[   0.309][d][vo/gpu-next/libplacebo] [  5] layout(binding=1) uniform  sampler2D _2002;
[   0.309][d][vo/gpu-next/libplacebo] [  6] layout(binding=2) uniform  sampler2D _2006;
[   0.309][d][vo/gpu-next/libplacebo] [  7] layout(std140, binding=3) uniform _4009 {
[   0.309][d][vo/gpu-next/libplacebo] [  8]     layout(offset=0) vec2 _2004;
[   0.309][d][vo/gpu-next/libplacebo] [  9]     layout(offset=16) mat3 _4006;
[   0.309][d][vo/gpu-next/libplacebo] [ 10]     layout(offset=64) vec3 _4007;
[   0.309][d][vo/gpu-next/libplacebo] [ 11] };
[   0.309][d][vo/gpu-next/libplacebo] [ 12] layout(location=0) in vec2 _c003;
[   0.309][d][vo/gpu-next/libplacebo] [ 13] layout(location=1) in vec2 _2003;
[   0.309][d][vo/gpu-next/libplacebo] [ 14] layout(location=0) out vec4 out_color;
[   0.309][d][vo/gpu-next/libplacebo] [ 15] 
[   0.309][d][vo/gpu-next/libplacebo] [ 16] const float _4002 = float(0.062745101749897); 
[   0.309][d][vo/gpu-next/libplacebo] [ 17] const float _4003 = float(0.501960813999176); 
[   0.309][d][vo/gpu-next/libplacebo] [ 18] const float _c004 = float(1); 
[   0.309][d][vo/gpu-next/libplacebo] [ 19] vec4 _c001() {
[   0.309][d][vo/gpu-next/libplacebo] [ 20] // pl_shader_sample_direct                                  
[   0.309][d][vo/gpu-next/libplacebo] [ 21] vec4 color = vec4(_c004) * vec4(textureLod(_c002, _c003, 0.0));   
[   0.309][d][vo/gpu-next/libplacebo] [ 22] return color;
[   0.309][d][vo/gpu-next/libplacebo] [ 23] }
[   0.309][d][vo/gpu-next/libplacebo] [ 24] 
[   0.309][d][vo/gpu-next/libplacebo] [ 25] const float _4004 = float(1); 
[   0.309][d][vo/gpu-next/libplacebo] [ 26] const float _2008 = float(0.5); 
[   0.309][d][vo/gpu-next/libplacebo] [ 27] const float _2009 = float(0.25); 
[   0.309][d][vo/gpu-next/libplacebo] [ 28] #define _2007(x) (_2008 * (x) + _2009) 
[   0.309][d][vo/gpu-next/libplacebo] [ 29] const float _200b = float(0.99609375); 
[   0.309][d][vo/gpu-next/libplacebo] [ 30] const float _200c = float(0.001953125); 
[   0.309][d][vo/gpu-next/libplacebo] [ 31] #define _200a(x) (_200b * (x) + _200c) 
[   0.309][d][vo/gpu-next/libplacebo] [ 32] #define _2005(pos) (textureLod(_2006, vec2(\
[   0.309][d][vo/gpu-next/libplacebo] [ 33]     _2007(vec2(pos).x)\
[   0.309][d][vo/gpu-next/libplacebo] [ 34]    ,_200a(vec2(pos).y)\
[   0.309][d][vo/gpu-next/libplacebo] [ 35]   ), 0.0).xyzw)
[   0.309][d][vo/gpu-next/libplacebo] [ 36] const uint _200d = uint(6); 
[   0.309][d][vo/gpu-next/libplacebo] [ 37] const float _200e = float(0); 
[   0.309][d][vo/gpu-next/libplacebo] [ 38] const float _200f = float(1); 
[   0.309][d][vo/gpu-next/libplacebo] [ 39] vec4 _2001() {
[   0.309][d][vo/gpu-next/libplacebo] [ 40] /* pl_shader_sample_ortho */
[   0.309][d][vo/gpu-next/libplacebo] [ 41] vec4 color = vec4(0.0, 0.0, 0.0, 1.0);
[   0.309][d][vo/gpu-next/libplacebo] [ 42] {
[   0.309][d][vo/gpu-next/libplacebo] [ 43] vec2 pos = /*pos*/_2003, pt = /*pt*/_2004;
[   0.309][d][vo/gpu-next/libplacebo] [ 44] vec2 size = vec2(textureSize(/*src_tex*/_2002, 0));
[   0.309][d][vo/gpu-next/libplacebo] [ 45] vec2 dir = vec2(float(1), float(0));
[   0.309][d][vo/gpu-next/libplacebo] [ 46] pt *= dir;
[   0.309][d][vo/gpu-next/libplacebo] [ 47] vec2 fcoord2 = fract(pos * size - vec2(0.5));
[   0.309][d][vo/gpu-next/libplacebo] [ 48] float fcoord = dot(fcoord2, dir);
[   0.309][d][vo/gpu-next/libplacebo] [ 49] vec2 base = pos - fcoord * pt - pt * vec2(float(2));
[   0.309][d][vo/gpu-next/libplacebo] [ 50] vec4 ws;
[   0.309][d][vo/gpu-next/libplacebo] [ 51] float off;
[   0.309][d][vo/gpu-next/libplacebo] [ 52] vec2 c, ca = vec2(0.0);
[   0.309][d][vo/gpu-next/libplacebo] [ 53] #pragma unroll 4
[   0.309][d][vo/gpu-next/libplacebo] [ 54] for (uint n = 0u; n < /*n*/_200d; n += uint(1)) {
[   0.309][d][vo/gpu-next/libplacebo] [ 55]     if (n % 4u == 0u)
[   0.309][d][vo/gpu-next/libplacebo] [ 56]         ws = /*lut*/_2005(vec2(float(n / 4u) / float(1), fcoord));
[   0.309][d][vo/gpu-next/libplacebo] [ 57]     off = float(n);
[   0.309][d][vo/gpu-next/libplacebo] [ 58]     c = textureLod(/*src_tex*/_2002, base + pt * off, 0.0).rg;
[   0.309][d][vo/gpu-next/libplacebo] [ 59]     ca += ws[n % 4u] * c;
[   0.309][d][vo/gpu-next/libplacebo] [ 60] }
[   0.309][d][vo/gpu-next/libplacebo] [ 61] color.rg = /*scale*/_200f * ca;
[   0.309][d][vo/gpu-next/libplacebo] [ 62] }
[   0.309][d][vo/gpu-next/libplacebo] [ 63] return color;
[   0.309][d][vo/gpu-next/libplacebo] [ 64] }
[   0.309][d][vo/gpu-next/libplacebo] [ 65] 
[   0.309][d][vo/gpu-next/libplacebo] [ 66] const float _4005 = float(1); 
[   0.309][d][vo/gpu-next/libplacebo] [ 67] vec4 _4001() {
[   0.309][d][vo/gpu-next/libplacebo] [ 68] vec4 color = vec4(_4002, vec2(_4003), 1.0);   
[   0.310][d][vo/gpu-next/libplacebo] [ 69] // pass_read_image                        
[   0.310][d][vo/gpu-next/libplacebo] [ 70] {                                         
[   0.310][d][vo/gpu-next/libplacebo] [ 71] vec4 tmp;                                 
[   0.310][d][vo/gpu-next/libplacebo] [ 72] tmp = vec4(_4004) * _c001(); 
[   0.310][d][vo/gpu-next/libplacebo] [ 73] color[0] = tmp[0];
[   0.310][d][vo/gpu-next/libplacebo] [ 74] tmp = vec4(_4005) * _2001(); 
[   0.310][d][vo/gpu-next/libplacebo] [ 75] color[1] = tmp[0];
[   0.310][d][vo/gpu-next/libplacebo] [ 76] color[2] = tmp[1];
[   0.310][d][vo/gpu-next/libplacebo] [ 77] }
[   0.310][d][vo/gpu-next/libplacebo] [ 78] // pl_shader_decode_color 
[   0.310][d][vo/gpu-next/libplacebo] [ 79] { 
[   0.310][d][vo/gpu-next/libplacebo] [ 80] color.rgb = _4006 * color.rgb + _4007; 
[   0.310][d][vo/gpu-next/libplacebo] [ 81] }
[   0.310][d][vo/gpu-next/libplacebo] [ 82] return color;
[   0.310][d][vo/gpu-next/libplacebo] [ 83] }
[   0.310][d][vo/gpu-next/libplacebo] [ 84] 
[   0.310][d][vo/gpu-next/libplacebo] [ 85] void main() {
[   0.310][d][vo/gpu-next/libplacebo] [ 86] out_color = _4001();
[   0.310][d][vo/gpu-next/libplacebo] [ 87] }
[   0.310][d][vo/gpu-next] cache_load_obj: key(a232e670d696a565), size(3097), load time(0.134 ms)
[   0.310][d][vo/gpu-next/libplacebo] Using cached DXBC shaders
[   0.310][d][vo/gpu-next] cache_save_obj: key(a232e670d696a565), size(3097)
[   0.310][d][vo/gpu-next/libplacebo] vertex shader source:
[   0.310][d][vo/gpu-next/libplacebo] [  1] #version 450
[   0.310][d][vo/gpu-next/libplacebo] [  2] #extension GL_ARB_uniform_buffer_object : enable
[   0.310][d][vo/gpu-next/libplacebo] [  3] #extension GL_ARB_texture_gather : enable
[   0.310][d][vo/gpu-next/libplacebo] [  4] layout(binding=0) uniform  sampler2D _2;
[   0.310][d][vo/gpu-next/libplacebo] [  5] layout(binding=1) uniform  sampler2D _6;
[   0.310][d][vo/gpu-next/libplacebo] [  6] layout(std140, binding=2) uniform _c {
[   0.310][d][vo/gpu-next/libplacebo] [  7]     layout(offset=0) float _4;
[   0.310][d][vo/gpu-next/libplacebo] [  8] };
[   0.310][d][vo/gpu-next/libplacebo] [  9] layout(location=0) in vec2 _d;
[   0.310][d][vo/gpu-next/libplacebo] [ 10] layout(location=0) out vec2 _3;
[   0.310][d][vo/gpu-next/libplacebo] [ 11] layout(location=1) in vec2 _e;
[   0.310][d][vo/gpu-next/libplacebo] [ 12] void main() {
[   0.310][d][vo/gpu-next/libplacebo] [ 13] _3 = _d;
[   0.310][d][vo/gpu-next/libplacebo] [ 14] vec2 va_pos = _e; 
[   0.310][d][vo/gpu-next/libplacebo] [ 15] gl_Position = vec4(va_pos, 0.0, 1.0); 
[   0.310][d][vo/gpu-next/libplacebo] [ 16] }
[   0.310][d][vo/gpu-next/libplacebo] fragment shader source:
[   0.310][d][vo/gpu-next/libplacebo] [  1] #version 450
[   0.310][d][vo/gpu-next/libplacebo] [  2] #extension GL_ARB_uniform_buffer_object : enable
[   0.310][d][vo/gpu-next/libplacebo] [  3] #extension GL_ARB_texture_gather : enable
[   0.310][d][vo/gpu-next/libplacebo] [  4] layout(binding=0) uniform  sampler2D _2;
[   0.310][d][vo/gpu-next/libplacebo] [  5] layout(binding=1) uniform  sampler2D _6;
[   0.310][d][vo/gpu-next/libplacebo] [  6] layout(std140, binding=2) uniform _c {
[   0.310][d][vo/gpu-next/libplacebo] [  7]     layout(offset=0) float _4;
[   0.310][d][vo/gpu-next/libplacebo] [  8] };
[   0.310][d][vo/gpu-next/libplacebo] [  9] layout(location=0) in vec2 _3;
[   0.310][d][vo/gpu-next/libplacebo] [ 10] layout(location=0) out vec4 out_color;
[   0.310][d][vo/gpu-next/libplacebo] [ 11] 
[   0.310][d][vo/gpu-next/libplacebo] [ 12] #define _5(pos) (texelFetch(_6, ivec2(pos), 0).x)
[   0.310][d][vo/gpu-next/libplacebo] [ 13] const float _7 = float(64); 
[   0.310][d][vo/gpu-next/libplacebo] [ 14] const float _8 = float(64); 
[   0.310][d][vo/gpu-next/libplacebo] [ 15] const float _9 = float(1); 
[   0.310][d][vo/gpu-next/libplacebo] [ 16] vec4 _1() {
[   0.310][d][vo/gpu-next/libplacebo] [ 17] vec4 color;                   
[   0.310][d][vo/gpu-next/libplacebo] [ 18] // pl_render_image_mix        
[   0.310][d][vo/gpu-next/libplacebo] [ 19] {                             
[   0.310][d][vo/gpu-next/libplacebo] [ 20] vec4 mix_color = vec4(0.0);   
[   0.310][d][vo/gpu-next/libplacebo] [ 21] color = textureLod(_2, _3, 0.0); 
[   0.310][d][vo/gpu-next/libplacebo] [ 22] mix_color += vec4(_4) * color; 
[   0.310][d][vo/gpu-next/libplacebo] [ 23] color = mix_color; 
[   0.310][d][vo/gpu-next/libplacebo] [ 24] }                  
[   0.310][d][vo/gpu-next/libplacebo] [ 25] // pl_shader_encode_color 
[   0.310][d][vo/gpu-next/libplacebo] [ 26] { 
[   0.310][d][vo/gpu-next/libplacebo] [ 27] }
[   0.310][d][vo/gpu-next/libplacebo] [ 28] // pl_shader_dither 
[   0.310][d][vo/gpu-next/libplacebo] [ 29] {                    
[   0.310][d][vo/gpu-next/libplacebo] [ 30] float bias;          
[   0.310][d][vo/gpu-next/libplacebo] [ 31] vec2 pos = fract(gl_FragCoord.xy * 1.0/_7); 
[   0.310][d][vo/gpu-next/libplacebo] [ 32] bias = _5(ivec2(pos * _8));
[   0.310][d][vo/gpu-next/libplacebo] [ 33] const float scale = 255.0; 
[   0.310][d][vo/gpu-next/libplacebo] [ 34] color = scale * color + vec4(bias);   
[   0.310][d][vo/gpu-next/libplacebo] [ 35] color = floor(color) * (1.0 / scale); 
[   0.310][d][vo/gpu-next/libplacebo] [ 36] } 
[   0.310][d][vo/gpu-next/libplacebo] [ 37] color.rgba *= vec4(1.0 / _9); 
[   0.310][d][vo/gpu-next/libplacebo] [ 38] vec4 _a = color;                 
[   0.310][d][vo/gpu-next/libplacebo] [ 39] color = vec4(0.0, 0.0, 0.0, 1.0); 
[   0.310][d][vo/gpu-next/libplacebo] [ 40] color[0] = _a[0]; 
[   0.310][d][vo/gpu-next/libplacebo] [ 41] color[1] = _a[1]; 
[   0.310][d][vo/gpu-next/libplacebo] [ 42] color[2] = _a[2]; 
[   0.310][d][vo/gpu-next/libplacebo] [ 43] color[3] = _a[3]; 
[   0.310][d][vo/gpu-next/libplacebo] [ 44] return color;
[   0.310][d][vo/gpu-next/libplacebo] [ 45] }
[   0.310][d][vo/gpu-next/libplacebo] [ 46] 
[   0.310][d][vo/gpu-next/libplacebo] [ 47] void main() {
[   0.310][d][vo/gpu-next/libplacebo] [ 48] out_color = _1();
[   0.310][d][vo/gpu-next/libplacebo] [ 49] }
[   0.310][d][vo/gpu-next] cache_load_obj: key(e967d4275365f4ce), size(1949), load time(0.070 ms)
[   0.310][d][vo/gpu-next/libplacebo] Using cached DXBC shaders
[   0.310][d][vo/gpu-next] cache_save_obj: key(e967d4275365f4ce), size(1949)
[   0.313][d][vo/gpu-next/libplacebo] (Re)creating 1280x720x0 texture with format r8: ../../../../../src_packages/libplacebo/src/utils/upload.c:246
[   0.313][d][vo/gpu-next/libplacebo] (Re)creating 640x360x0 texture with format r8: ../../../../../src_packages/libplacebo/src/utils/upload.c:246
[   0.313][d][vo/gpu-next/libplacebo] (Re)creating 640x360x0 texture with format r8: ../../../../../src_packages/libplacebo/src/utils/upload.c:246
[   0.397][v][vo/gpu-next/libplacebo] Estimated source FPS: 29.970, display FPS: 29.970
[   1.215][d][cplayer] Run command: script-binding, flags=73, args=[name="osc/__keybinding4", arg=""]
[   1.356][d][cplayer] Run command: quit, flags=73, args=[code="0"]
[   1.356][v][cplayer] EOF code: 5  
[   1.356][d][ao/wasapi] Thread Reset
[   1.356][d][ao/wasapi] Thread Pause
[   1.356][d][ad] Uninit decoder.
[   1.356][d][vd] Uninit decoder.
[   1.360][d][cplayer] Terminating demuxers...
[   1.360][d][osc] osc_init
[   1.360][d][cplayer] Done terminating demuxers.
[   1.360][v][cplayer] finished playback, success (reason 3)
[   1.360][v][cplayer] Running hook: ytdl_hook/on_after_end_file
[   1.364][d][cplayer] Run command: del, flags=64, args=[name="user-data/mpv/ytdl/json-subprocess-result"]
[   1.364][i][cplayer] Exiting... (Quit)
[   1.364][d][cplayer] Run command: del, flags=64, args=[name="user-data/mpv/console"]
[   1.364][d][positioning] Destroying client handle...
[   1.364][d][ytdl_hook] Destroying client handle...
[   1.364][d][stats] Destroying client handle...
[   1.364][d][select] Destroying client handle...
[   1.364][d][cicada_capture] Destroying client handle...
[   1.364][d][console] Destroying client handle...
[   1.364][d][commands] Destroying client handle...
[   1.364][v][cplayer] Set property: user-data/osc/margins={"t":0,"b":0,"l":0,"r":0} -> 1
[   1.365][d][cplayer] Run command: del, flags=64, args=[name="user-data/osc"]
[   1.365][d][SystemMediaTransportControls] Destroying client handle...
[   1.365][d][osc] Destroying client handle...
[   1.366][d][ao/wasapi] Uninit wasapi
[   1.366][d][ao/wasapi] Thread Reset
[   1.366][d][ao/wasapi] Thread Pause
[   1.366][d][ao/wasapi] Thread shutdown
[   1.366][d][ao/wasapi] Thread uninit done
[   1.366][d][ao/wasapi] Thread return
[   1.367][d][ao/wasapi] Uninit wasapi done
[   1.381][v][vo/gpu-next/win32] uninit
